Logging to file c:\users\konrad\desktop\models\mapa\easyOgreExporter.log
Found node: Compass001
Found node: mapa_Daylight_001
Found node: Sun001
Found light: Sun001
Found node: Sky002
Found light: Sky002
Unsupported light type. Failed to export.
Found node: Layer0_001
Found mesh node: Layer0_001
Writing Layer0_001 mesh binary...
Info: Create Ogre submeshs
Exporting 0 textures...
Info: create submesh : 0
Info: Create mesh bounding box
Info: Create mesh edge list
Info: Create mesh tangents
Info: Write mesh file : c:\users\konrad\desktop\models\mapa\mesh\mapaLayer0_001.mesh
Found node: Layer0_002
Found node: Group_001
Found mesh node: Group_001
Writing Group_001 mesh binary...
Info: Create Ogre submeshs
Info: create submesh : 0
Info: Create mesh bounding box
Info: Create mesh edge list
Info: Create mesh tangents
Info: Write mesh file : c:\users\konrad\desktop\models\mapa\mesh\mapaGroup_001.mesh
Found node: Group_002
Found mesh node: Group_002
Writing Group_002 mesh binary...
Info: Create Ogre submeshs
Info: create submesh : 0
Info: Create mesh bounding box
Info: Create mesh edge list
Info: Create mesh tangents
Info: Write mesh file : c:\users\konrad\desktop\models\mapa\mesh\mapaGroup_002.mesh
Found node: Group_003
Found mesh node: Group_003
Writing Group_003 mesh binary...
Info: Create Ogre submeshs
Info: create submesh : 0
Info: Create mesh bounding box
Info: Create mesh edge list
Info: Create mesh tangents
Info: Write mesh file : c:\users\konrad\desktop\models\mapa\mesh\mapaGroup_003.mesh
Found node: Group_004
Found mesh node: Group_004
Writing Group_004 mesh binary...
Info: Create Ogre submeshs
Info: create submesh : 0
Info: Create mesh bounding box
Info: Create mesh edge list
Info: Create mesh tangents
Info: Write mesh file : c:\users\konrad\desktop\models\mapa\mesh\mapaGroup_004.mesh
Found node: Group_005
Found mesh node: Group_005
Writing Group_005 mesh binary...
Info: Create Ogre submeshs
Info: create submesh : 0
Info: Create mesh bounding box
Info: Create mesh edge list
Info: Create mesh tangents
Info: Write mesh file : c:\users\konrad\desktop\models\mapa\mesh\mapaGroup_005.mesh
Found node: Group_006
Found mesh node: Group_006
Writing Group_006 mesh binary...
Info: Create Ogre submeshs
Info: create submesh : 0
Info: Create mesh bounding box
Info: Create mesh edge list
Info: Create mesh tangents
Info: Write mesh file : c:\users\konrad\desktop\models\mapa\mesh\mapaGroup_006.mesh
Found node: Group_007
Found mesh node: Group_007
Writing Group_007 mesh binary...
Info: Create Ogre submeshs
Info: create submesh : 0
Info: Create mesh bounding box
Info: Create mesh edge list
Info: Create mesh tangents
Info: Write mesh file : c:\users\konrad\desktop\models\mapa\mesh\mapaGroup_007.mesh
Found node: Group_008
Found mesh node: Group_008
Writing Group_008 mesh binary...
Info: Create Ogre submeshs
Info: create submesh : 0
Info: Create mesh bounding box
Info: Create mesh edge list
Info: Create mesh tangents
Info: Write mesh file : c:\users\konrad\desktop\models\mapa\mesh\mapaGroup_008.mesh
Found node: Group_009
Found mesh node: Group_009
Writing Group_009 mesh binary...
Info: Create Ogre submeshs
Info: create submesh : 0
Info: Create mesh bounding box
Info: Create mesh edge list
Info: Create mesh tangents
Info: Write mesh file : c:\users\konrad\desktop\models\mapa\mesh\mapaGroup_009.mesh
Found node: Group_010
Found mesh node: Group_010
Writing Group_010 mesh binary...
Info: Create Ogre submeshs
Info: create submesh : 0
Info: Create mesh bounding box
Info: Create mesh edge list
Info: Create mesh tangents
Info: Write mesh file : c:\users\konrad\desktop\models\mapa\mesh\mapaGroup_010.mesh
Found node: Group_011
Found mesh node: Group_011
Writing Group_011 mesh binary...
Info: Create Ogre submeshs
Info: create submesh : 0
Info: Create mesh bounding box
Info: Create mesh edge list
Info: Create mesh tangents
Info: Write mesh file : c:\users\konrad\desktop\models\mapa\mesh\mapaGroup_011.mesh
Found node: Group_012
Found mesh node: Group_012
Writing Group_012 mesh binary...
Info: Create Ogre submeshs
Info: create submesh : 0
Info: Create mesh bounding box
Info: Create mesh edge list
Info: Create mesh tangents
Info: Write mesh file : c:\users\konrad\desktop\models\mapa\mesh\mapaGroup_012.mesh
Found node: Group_013
Found mesh node: Group_013
Writing Group_013 mesh binary...
Info: Create Ogre submeshs
Info: create submesh : 0
Info: Create mesh bounding box
Info: Create mesh edge list
Info: Create mesh tangents
Info: Write mesh file : c:\users\konrad\desktop\models\mapa\mesh\mapaGroup_013.mesh
Found node: Group_014
Found mesh node: Group_014
Writing Group_014 mesh binary...
Info: Create Ogre submeshs
Info: create submesh : 0
Info: Create mesh bounding box
Info: Create mesh edge list
Info: Create mesh tangents
Info: Write mesh file : c:\users\konrad\desktop\models\mapa\mesh\mapaGroup_014.mesh
Found node: Group_015
Found mesh node: Group_015
Writing Group_015 mesh binary...
Info: Create Ogre submeshs
Info: create submesh : 0
Info: Create mesh bounding box
Info: Create mesh edge list
Info: Create mesh tangents
Info: Write mesh file : c:\users\konrad\desktop\models\mapa\mesh\mapaGroup_015.mesh
Found node: Group_016
Found mesh node: Group_016
Writing Group_016 mesh binary...
Info: Create Ogre submeshs
Info: create submesh : 0
Info: Create mesh bounding box
Info: Create mesh edge list
Info: Create mesh tangents
Info: Write mesh file : c:\users\konrad\desktop\models\mapa\mesh\mapaGroup_016.mesh
Found node: Group_017
Found mesh node: Group_017
Writing Group_017 mesh binary...
Info: Create Ogre submeshs
Info: create submesh : 0
Info: Create mesh bounding box
Info: Create mesh edge list
Info: Create mesh tangents
Info: Write mesh file : c:\users\konrad\desktop\models\mapa\mesh\mapaGroup_017.mesh
Found node: Group_018
Found mesh node: Group_018
Writing Group_018 mesh binary...
Info: Create Ogre submeshs
Info: create submesh : 0
Info: Create mesh bounding box
Info: Create mesh edge list
Info: Create mesh tangents
Info: Write mesh file : c:\users\konrad\desktop\models\mapa\mesh\mapaGroup_018.mesh
Found node: Group_019
Found mesh node: Group_019
Writing Group_019 mesh binary...
Info: Create Ogre submeshs
Info: create submesh : 0
Info: Create mesh bounding box
Info: Create mesh edge list
Info: Create mesh tangents
Info: Write mesh file : c:\users\konrad\desktop\models\mapa\mesh\mapaGroup_019.mesh
Found node: Group_020
Found mesh node: Group_020
Writing Group_020 mesh binary...
Info: Create Ogre submeshs
Info: create submesh : 0
Info: Create mesh bounding box
Info: Create mesh edge list
Info: Create mesh tangents
Info: Write mesh file : c:\users\konrad\desktop\models\mapa\mesh\mapaGroup_020.mesh
Found node: Group_021
Found mesh node: Group_021
Writing Group_021 mesh binary...
Info: Create Ogre submeshs
Info: create submesh : 0
Info: Create mesh bounding box
Info: Create mesh edge list
Info: Create mesh tangents
Info: Write mesh file : c:\users\konrad\desktop\models\mapa\mesh\mapaGroup_021.mesh
Found node: Group_022
Found mesh node: Group_022
Writing Group_022 mesh binary...
Info: Create Ogre submeshs
Info: create submesh : 0
Info: Create mesh bounding box
Info: Create mesh edge list
Info: Create mesh tangents
Info: Write mesh file : c:\users\konrad\desktop\models\mapa\mesh\mapaGroup_022.mesh
Found node: Group_023
Found mesh node: Group_023
Writing Group_023 mesh binary...
Info: Create Ogre submeshs
Info: create submesh : 0
Info: Create mesh bounding box
Info: Create mesh edge list
Info: Create mesh tangents
Info: Write mesh file : c:\users\konrad\desktop\models\mapa\mesh\mapaGroup_023.mesh
Found node: Group_024
Found mesh node: Group_024
Writing Group_024 mesh binary...
Info: Create Ogre submeshs
Info: create submesh : 0
Info: Create mesh bounding box
Info: Create mesh edge list
Info: Create mesh tangents
Info: Write mesh file : c:\users\konrad\desktop\models\mapa\mesh\mapaGroup_024.mesh
Found node: Group_025
Found mesh node: Group_025
Writing Group_025 mesh binary...
Info: Create Ogre submeshs
Info: create submesh : 0
Info: Create mesh bounding box
Info: Create mesh edge list
Info: Create mesh tangents
Info: Write mesh file : c:\users\konrad\desktop\models\mapa\mesh\mapaGroup_025.mesh
Found node: Group_026
Found mesh node: Group_026
Writing Group_026 mesh binary...
Info: Create Ogre submeshs
Info: create submesh : 0
Info: Create mesh bounding box
Info: Create mesh edge list
Info: Create mesh tangents
Info: Write mesh file : c:\users\konrad\desktop\models\mapa\mesh\mapaGroup_026.mesh
Found node: Group_027
Found mesh node: Group_027
Writing Group_027 mesh binary...
Info: Create Ogre submeshs
Info: create submesh : 0
Info: Create mesh bounding box
Info: Create mesh edge list
Info: Create mesh tangents
Info: Write mesh file : c:\users\konrad\desktop\models\mapa\mesh\mapaGroup_027.mesh
Found node: Group_028
Found mesh node: Group_028
Writing Group_028 mesh binary...
Info: Create Ogre submeshs
Info: create submesh : 0
Info: Create mesh bounding box
Info: Create mesh edge list
Info: Create mesh tangents
Info: Write mesh file : c:\users\konrad\desktop\models\mapa\mesh\mapaGroup_028.mesh
Found node: Group_029
Found mesh node: Group_029
Writing Group_029 mesh binary...
Info: Create Ogre submeshs
Info: create submesh : 0
Info: Create mesh bounding box
Info: Create mesh edge list
Info: Create mesh tangents
Info: Write mesh file : c:\users\konrad\desktop\models\mapa\mesh\mapaGroup_029.mesh
Found node: Group_030
Found mesh node: Group_030
Writing Group_030 mesh binary...
Info: Create Ogre submeshs
Info: create submesh : 0
Info: Create mesh bounding box
Info: Create mesh edge list
Info: Create mesh tangents
Info: Write mesh file : c:\users\konrad\desktop\models\mapa\mesh\mapaGroup_030.mesh
Found node: Group_031
Found mesh node: Group_031
Writing Group_031 mesh binary...
Info: Create Ogre submeshs
Info: create submesh : 0
Info: Create mesh bounding box
Info: Create mesh edge list
Info: Create mesh tangents
Info: Write mesh file : c:\users\konrad\desktop\models\mapa\mesh\mapaGroup_031.mesh
Found node: Group_032
Found mesh node: Group_032
Writing Group_032 mesh binary...
Info: Create Ogre submeshs
Info: create submesh : 0
Info: Create mesh bounding box
Info: Create mesh edge list
Info: Create mesh tangents
Info: Write mesh file : c:\users\konrad\desktop\models\mapa\mesh\mapaGroup_032.mesh
Found node: Group_033
Found mesh node: Group_033
Writing Group_033 mesh binary...
Info: Create Ogre submeshs
Info: create submesh : 0
Info: Create mesh bounding box
Info: Create mesh edge list
Info: Create mesh tangents
Info: Write mesh file : c:\users\konrad\desktop\models\mapa\mesh\mapaGroup_033.mesh
Found node: Group_034
Found mesh node: Group_034
Writing Group_034 mesh binary...
Info: Create Ogre submeshs
Info: create submesh : 0
Info: Create mesh bounding box
Info: Create mesh edge list
Info: Create mesh tangents
Info: Write mesh file : c:\users\konrad\desktop\models\mapa\mesh\mapaGroup_034.mesh
Found node: Group_035
Found mesh node: Group_035
Writing Group_035 mesh binary...
Info: Create Ogre submeshs
Info: create submesh : 0
Info: Create mesh bounding box
Info: Create mesh edge list
Info: Create mesh tangents
Info: Write mesh file : c:\users\konrad\desktop\models\mapa\mesh\mapaGroup_035.mesh
Found node: Group_036
Found mesh node: Group_036
Writing Group_036 mesh binary...
Info: Create Ogre submeshs
Info: create submesh : 0
Info: Create mesh bounding box
Info: Create mesh edge list
Info: Create mesh tangents
Info: Write mesh file : c:\users\konrad\desktop\models\mapa\mesh\mapaGroup_036.mesh
Found node: Group_037
Found mesh node: Group_037
Writing Group_037 mesh binary...
Info: Create Ogre submeshs
Info: create submesh : 0
Info: Create mesh bounding box
Info: Create mesh edge list
Info: Create mesh tangents
Info: Write mesh file : c:\users\konrad\desktop\models\mapa\mesh\mapaGroup_037.mesh
Found node: Group_038
Found mesh node: Group_038
Writing Group_038 mesh binary...
Info: Create Ogre submeshs
Info: create submesh : 0
Info: Create mesh bounding box
Info: Create mesh edge list
Info: Create mesh tangents
Info: Write mesh file : c:\users\konrad\desktop\models\mapa\mesh\mapaGroup_038.mesh
Found node: Group_039
Found mesh node: Group_039
Writing Group_039 mesh binary...
Info: Create Ogre submeshs
Info: create submesh : 0
Info: Create mesh bounding box
Info: Create mesh edge list
Info: Create mesh tangents
Info: Write mesh file : c:\users\konrad\desktop\models\mapa\mesh\mapaGroup_039.mesh
Found node: Group_040
Found mesh node: Group_040
Writing Group_040 mesh binary...
Info: Create Ogre submeshs
Info: create submesh : 0
Info: Create mesh bounding box
Info: Create mesh edge list
Info: Create mesh tangents
Info: Write mesh file : c:\users\konrad\desktop\models\mapa\mesh\mapaGroup_040.mesh
Found node: Group_041
Found mesh node: Group_041
Writing Group_041 mesh binary...
Info: Create Ogre submeshs
Info: create submesh : 0
Info: Create mesh bounding box
Info: Create mesh edge list
Info: Create mesh tangents
Info: Write mesh file : c:\users\konrad\desktop\models\mapa\mesh\mapaGroup_041.mesh
Found node: Group_042
Found mesh node: Group_042
Writing Group_042 mesh binary...
Info: Create Ogre submeshs
Info: create submesh : 0
Info: Create mesh bounding box
Info: Create mesh edge list
Info: Create mesh tangents
Info: Write mesh file : c:\users\konrad\desktop\models\mapa\mesh\mapaGroup_042.mesh
Found node: Group_043
Found mesh node: Group_043
Writing Group_043 mesh binary...
Info: Create Ogre submeshs
Info: create submesh : 0
Info: Create mesh bounding box
Info: Create mesh edge list
Info: Create mesh tangents
Info: Write mesh file : c:\users\konrad\desktop\models\mapa\mesh\mapaGroup_043.mesh
Found node: Group_044
Found mesh node: Group_044
Writing Group_044 mesh binary...
Info: Create Ogre submeshs
Info: create submesh : 0
Info: Create mesh bounding box
Info: Create mesh edge list
Info: Create mesh tangents
Info: Write mesh file : c:\users\konrad\desktop\models\mapa\mesh\mapaGroup_044.mesh
Found node: Group_045
Found mesh node: Group_045
Writing Group_045 mesh binary...
Info: Create Ogre submeshs
Info: create submesh : 0
Info: Create mesh bounding box
Info: Create mesh edge list
Info: Create mesh tangents
Info: Write mesh file : c:\users\konrad\desktop\models\mapa\mesh\mapaGroup_045.mesh
Found node: Group_046
Found mesh node: Group_046
Writing Group_046 mesh binary...
Info: Create Ogre submeshs
Info: create submesh : 0
Info: Create mesh bounding box
Info: Create mesh edge list
Info: Create mesh tangents
Info: Write mesh file : c:\users\konrad\desktop\models\mapa\mesh\mapaGroup_046.mesh
Found node: Group_047
Found mesh node: Group_047
Writing Group_047 mesh binary...
Info: Create Ogre submeshs
Info: create submesh : 0
Info: Create mesh bounding box
Info: Create mesh edge list
Info: Create mesh tangents
Info: Write mesh file : c:\users\konrad\desktop\models\mapa\mesh\mapaGroup_047.mesh
Found node: Group_048
Found mesh node: Group_048
Writing Group_048 mesh binary...
Info: Create Ogre submeshs
Info: create submesh : 0
Info: Create mesh bounding box
Info: Create mesh edge list
Info: Create mesh tangents
Info: Write mesh file : c:\users\konrad\desktop\models\mapa\mesh\mapaGroup_048.mesh
Found node: Group_049
Found mesh node: Group_049
Writing Group_049 mesh binary...
Info: Create Ogre submeshs
Info: create submesh : 0
Info: Create mesh bounding box
Info: Create mesh edge list
Info: Create mesh tangents
Info: Write mesh file : c:\users\konrad\desktop\models\mapa\mesh\mapaGroup_049.mesh
Found node: Group_050
Found mesh node: Group_050
Writing Group_050 mesh binary...
Info: Create Ogre submeshs
Info: create submesh : 0
Info: Create mesh bounding box
Info: Create mesh edge list
Info: Create mesh tangents
Info: Write mesh file : c:\users\konrad\desktop\models\mapa\mesh\mapaGroup_050.mesh
Found node: Group_051
Found mesh node: Group_051
Writing Group_051 mesh binary...
Info: Create Ogre submeshs
Info: create submesh : 0
Info: Create mesh bounding box
Info: Create mesh edge list
Info: Create mesh tangents
Info: Write mesh file : c:\users\konrad\desktop\models\mapa\mesh\mapaGroup_051.mesh
Found node: Group_052
Found mesh node: Group_052
Writing Group_052 mesh binary...
Info: Create Ogre submeshs
Info: create submesh : 0
Info: Create mesh bounding box
Info: Create mesh edge list
Info: Create mesh tangents
Info: Write mesh file : c:\users\konrad\desktop\models\mapa\mesh\mapaGroup_052.mesh
Found node: Group_053
Found mesh node: Group_053
Writing Group_053 mesh binary...
Info: Create Ogre submeshs
Info: create submesh : 0
Info: Create mesh bounding box
Info: Create mesh edge list
Info: Create mesh tangents
Info: Write mesh file : c:\users\konrad\desktop\models\mapa\mesh\mapaGroup_053.mesh
Found node: Group_054
Found mesh node: Group_054
Writing Group_054 mesh binary...
Info: Create Ogre submeshs
Info: create submesh : 0
Info: Create mesh bounding box
Info: Create mesh edge list
Info: Create mesh tangents
Info: Write mesh file : c:\users\konrad\desktop\models\mapa\mesh\mapaGroup_054.mesh
Found node: Group_055
Found mesh node: Group_055
Writing Group_055 mesh binary...
Info: Create Ogre submeshs
Info: create submesh : 0
Info: Create mesh bounding box
Info: Create mesh edge list
Info: Create mesh tangents
Info: Write mesh file : c:\users\konrad\desktop\models\mapa\mesh\mapaGroup_055.mesh
Found node: Group_056
Found mesh node: Group_056
Writing Group_056 mesh binary...
Info: Create Ogre submeshs
Info: create submesh : 0
Info: Create mesh bounding box
Info: Create mesh edge list
Info: Create mesh tangents
Info: Write mesh file : c:\users\konrad\desktop\models\mapa\mesh\mapaGroup_056.mesh
Found node: Group_057
Found mesh node: Group_057
Writing Group_057 mesh binary...
Info: Create Ogre submeshs
Info: create submesh : 0
Info: Create mesh bounding box
Info: Create mesh edge list
Info: Create mesh tangents
Info: Write mesh file : c:\users\konrad\desktop\models\mapa\mesh\mapaGroup_057.mesh
Found node: Group_058
Found mesh node: Group_058
Writing Group_058 mesh binary...
Info: Create Ogre submeshs
Info: create submesh : 0
Info: Create mesh bounding box
Info: Create mesh edge list
Info: Create mesh tangents
Info: Write mesh file : c:\users\konrad\desktop\models\mapa\mesh\mapaGroup_058.mesh
Found node: Group_059
Found mesh node: Group_059
Writing Group_059 mesh binary...
Info: Create Ogre submeshs
Info: create submesh : 0
Info: Create mesh bounding box
Info: Create mesh edge list
Info: Create mesh tangents
Info: Write mesh file : c:\users\konrad\desktop\models\mapa\mesh\mapaGroup_059.mesh
Found node: Group_060
Found mesh node: Group_060
Writing Group_060 mesh binary...
Info: Create Ogre submeshs
Info: create submesh : 0
Info: Create mesh bounding box
Info: Create mesh edge list
Info: Create mesh tangents
Info: Write mesh file : c:\users\konrad\desktop\models\mapa\mesh\mapaGroup_060.mesh
Found node: Group_061
Found mesh node: Group_061
Writing Group_061 mesh binary...
Info: Create Ogre submeshs
Info: create submesh : 0
Info: Create mesh bounding box
Info: Create mesh edge list
Info: Create mesh tangents
Info: Write mesh file : c:\users\konrad\desktop\models\mapa\mesh\mapaGroup_061.mesh
Found node: Group_062
Found mesh node: Group_062
Writing Group_062 mesh binary...
Info: Create Ogre submeshs
Info: create submesh : 0
Info: Create mesh bounding box
Info: Create mesh edge list
Info: Create mesh tangents
Info: Write mesh file : c:\users\konrad\desktop\models\mapa\mesh\mapaGroup_062.mesh
Found node: Group_063
Found mesh node: Group_063
Writing Group_063 mesh binary...
Info: Create Ogre submeshs
Info: create submesh : 0
Info: Create mesh bounding box
Info: Create mesh edge list
Info: Create mesh tangents
Info: Write mesh file : c:\users\konrad\desktop\models\mapa\mesh\mapaGroup_063.mesh
Found node: Group_064
Found mesh node: Group_064
Writing Group_064 mesh binary...
Info: Create Ogre submeshs
Info: create submesh : 0
Info: Create mesh bounding box
Info: Create mesh edge list
Info: Create mesh tangents
Info: Write mesh file : c:\users\konrad\desktop\models\mapa\mesh\mapaGroup_064.mesh
Found node: Group_065
Found mesh node: Group_065
Writing Group_065 mesh binary...
Info: Create Ogre submeshs
Info: create submesh : 0
Info: Create mesh bounding box
Info: Create mesh edge list
Info: Create mesh tangents
Info: Write mesh file : c:\users\konrad\desktop\models\mapa\mesh\mapaGroup_065.mesh
Found node: Group_066
Found mesh node: Group_066
Writing Group_066 mesh binary...
Info: Create Ogre submeshs
Info: create submesh : 0
Info: Create mesh bounding box
Info: Create mesh edge list
Info: Create mesh tangents
Info: Write mesh file : c:\users\konrad\desktop\models\mapa\mesh\mapaGroup_066.mesh
Found node: Group_067
Found mesh node: Group_067
Writing Group_067 mesh binary...
Info: Create Ogre submeshs
Info: create submesh : 0
Info: Create mesh bounding box
Info: Create mesh edge list
Info: Create mesh tangents
Info: Write mesh file : c:\users\konrad\desktop\models\mapa\mesh\mapaGroup_067.mesh
Found node: Group_068
Found mesh node: Group_068
Writing Group_068 mesh binary...
Info: Create Ogre submeshs
Info: create submesh : 0
Info: Create mesh bounding box
Info: Create mesh edge list
Info: Create mesh tangents
Info: Write mesh file : c:\users\konrad\desktop\models\mapa\mesh\mapaGroup_068.mesh
Found node: Group_069
Found mesh node: Group_069
Writing Group_069 mesh binary...
Info: Create Ogre submeshs
Info: create submesh : 0
Info: Create mesh bounding box
Info: Create mesh edge list
Info: Create mesh tangents
Info: Write mesh file : c:\users\konrad\desktop\models\mapa\mesh\mapaGroup_069.mesh
Found node: Group_070
Found mesh node: Group_070
Writing Group_070 mesh binary...
Info: Create Ogre submeshs
Info: create submesh : 0
Info: Create mesh bounding box
Info: Create mesh edge list
Info: Create mesh tangents
Info: Write mesh file : c:\users\konrad\desktop\models\mapa\mesh\mapaGroup_070.mesh
Found node: Group_071
Found mesh node: Group_071
Writing Group_071 mesh binary...
Info: Create Ogre submeshs
Info: create submesh : 0
Info: Create mesh bounding box
Info: Create mesh edge list
Info: Create mesh tangents
Info: Write mesh file : c:\users\konrad\desktop\models\mapa\mesh\mapaGroup_071.mesh
Found node: Group_072
Found mesh node: Group_072
Writing Group_072 mesh binary...
Info: Create Ogre submeshs
Info: create submesh : 0
Info: Create mesh bounding box
Info: Create mesh edge list
Info: Create mesh tangents
Info: Write mesh file : c:\users\konrad\desktop\models\mapa\mesh\mapaGroup_072.mesh
Found node: Group_073
Found mesh node: Group_073
Writing Group_073 mesh binary...
Info: Create Ogre submeshs
Info: create submesh : 0
Info: Create mesh bounding box
Info: Create mesh edge list
Info: Create mesh tangents
Info: Write mesh file : c:\users\konrad\desktop\models\mapa\mesh\mapaGroup_073.mesh
Found node: Group_074
Found mesh node: Group_074
Writing Group_074 mesh binary...
Info: Create Ogre submeshs
Info: create submesh : 0
Info: Create mesh bounding box
Info: Create mesh edge list
Info: Create mesh tangents
Info: Write mesh file : c:\users\konrad\desktop\models\mapa\mesh\mapaGroup_074.mesh
Found node: Group_075
Found mesh node: Group_075
Writing Group_075 mesh binary...
Info: Create Ogre submeshs
Info: create submesh : 0
Info: Create mesh bounding box
Info: Create mesh edge list
Info: Create mesh tangents
Info: Write mesh file : c:\users\konrad\desktop\models\mapa\mesh\mapaGroup_075.mesh
Found node: Group_076
Found mesh node: Group_076
Writing Group_076 mesh binary...
Info: Create Ogre submeshs
Info: create submesh : 0
Info: Create mesh bounding box
Info: Create mesh edge list
Info: Create mesh tangents
Info: Write mesh file : c:\users\konrad\desktop\models\mapa\mesh\mapaGroup_076.mesh
Found node: Group_077
Found mesh node: Group_077
Writing Group_077 mesh binary...
Info: Create Ogre submeshs
Info: create submesh : 0
Info: Create mesh bounding box
Info: Create mesh edge list
Info: Create mesh tangents
Info: Write mesh file : c:\users\konrad\desktop\models\mapa\mesh\mapaGroup_077.mesh
Found node: Group_078
Found mesh node: Group_078
Writing Group_078 mesh binary...
Info: Create Ogre submeshs
Info: create submesh : 0
Info: Create mesh bounding box
Info: Create mesh edge list
Info: Create mesh tangents
Info: Write mesh file : c:\users\konrad\desktop\models\mapa\mesh\mapaGroup_078.mesh
Found node: Group_079
Found mesh node: Group_079
Writing Group_079 mesh binary...
Info: Create Ogre submeshs
Info: create submesh : 0
Info: Create mesh bounding box
Info: Create mesh edge list
Info: Create mesh tangents
Info: Write mesh file : c:\users\konrad\desktop\models\mapa\mesh\mapaGroup_079.mesh
Found node: Group_080
Found mesh node: Group_080
Writing Group_080 mesh binary...
Info: Create Ogre submeshs
Info: create submesh : 0
Info: Create mesh bounding box
Info: Create mesh edge list
Info: Create mesh tangents
Info: Write mesh file : c:\users\konrad\desktop\models\mapa\mesh\mapaGroup_080.mesh
Found node: Group_081
Found mesh node: Group_081
Writing Group_081 mesh binary...
Info: Create Ogre submeshs
Info: create submesh : 0
Info: Create mesh bounding box
Info: Create mesh edge list
Info: Create mesh tangents
Info: Write mesh file : c:\users\konrad\desktop\models\mapa\mesh\mapaGroup_081.mesh
Found node: Group_082
Found mesh node: Group_082
Writing Group_082 mesh binary...
Info: Create Ogre submeshs
Info: create submesh : 0
Info: Create mesh bounding box
Info: Create mesh edge list
Info: Create mesh tangents
Info: Write mesh file : c:\users\konrad\desktop\models\mapa\mesh\mapaGroup_082.mesh
Found node: Group_083
Found mesh node: Group_083
Writing Group_083 mesh binary...
Info: Create Ogre submeshs
Info: create submesh : 0
Info: Create mesh bounding box
Info: Create mesh edge list
Info: Create mesh tangents
Info: Write mesh file : c:\users\konrad\desktop\models\mapa\mesh\mapaGroup_083.mesh
Found node: Group_084
Found mesh node: Group_084
Writing Group_084 mesh binary...
Info: Create Ogre submeshs
Info: create submesh : 0
Info: Create mesh bounding box
Info: Create mesh edge list
Info: Create mesh tangents
Info: Write mesh file : c:\users\konrad\desktop\models\mapa\mesh\mapaGroup_084.mesh
Found node: Group_085
Found mesh node: Group_085
Writing Group_085 mesh binary...
Info: Create Ogre submeshs
Info: create submesh : 0
Info: Create mesh bounding box
Info: Create mesh edge list
Info: Create mesh tangents
Info: Write mesh file : c:\users\konrad\desktop\models\mapa\mesh\mapaGroup_085.mesh
Found node: Group_086
Found mesh node: Group_086
Writing Group_086 mesh binary...
Info: Create Ogre submeshs
Info: create submesh : 0
Info: Create mesh bounding box
Info: Create mesh edge list
Info: Create mesh tangents
Info: Write mesh file : c:\users\konrad\desktop\models\mapa\mesh\mapaGroup_086.mesh
Found node: Group_087
Found mesh node: Group_087
Writing Group_087 mesh binary...
Info: Create Ogre submeshs
Info: create submesh : 0
Info: Create mesh bounding box
Info: Create mesh edge list
Info: Create mesh tangents
Info: Write mesh file : c:\users\konrad\desktop\models\mapa\mesh\mapaGroup_087.mesh
Found node: Group_088
Found mesh node: Group_088
Writing Group_088 mesh binary...
Info: Create Ogre submeshs
Info: create submesh : 0
Info: Create mesh bounding box
Info: Create mesh edge list
Info: Create mesh tangents
Info: Write mesh file : c:\users\konrad\desktop\models\mapa\mesh\mapaGroup_088.mesh
Found node: Group_089
Found mesh node: Group_089
Writing Group_089 mesh binary...
Info: Create Ogre submeshs
Info: create submesh : 0
Info: Create mesh bounding box
Info: Create mesh edge list
Info: Create mesh tangents
Info: Write mesh file : c:\users\konrad\desktop\models\mapa\mesh\mapaGroup_089.mesh
Found node: Group_090
Found mesh node: Group_090
Writing Group_090 mesh binary...
Info: Create Ogre submeshs
Info: create submesh : 0
Info: Create mesh bounding box
Info: Create mesh edge list
Info: Create mesh tangents
Info: Write mesh file : c:\users\konrad\desktop\models\mapa\mesh\mapaGroup_090.mesh
Found node: Group_091
Found mesh node: Group_091
Writing Group_091 mesh binary...
Info: Create Ogre submeshs
Info: create submesh : 0
Info: Create mesh bounding box
Info: Create mesh edge list
Info: Create mesh tangents
Info: Write mesh file : c:\users\konrad\desktop\models\mapa\mesh\mapaGroup_091.mesh
Found node: Group_092
Found mesh node: Group_092
Writing Group_092 mesh binary...
Info: Create Ogre submeshs
Info: create submesh : 0
Info: Create mesh bounding box
Info: Create mesh edge list
Info: Create mesh tangents
Info: Write mesh file : c:\users\konrad\desktop\models\mapa\mesh\mapaGroup_092.mesh
Found node: Group_093
Found mesh node: Group_093
Writing Group_093 mesh binary...
Info: Create Ogre submeshs
Info: create submesh : 0
Info: Create mesh bounding box
Info: Create mesh edge list
Info: Create mesh tangents
Info: Write mesh file : c:\users\konrad\desktop\models\mapa\mesh\mapaGroup_093.mesh
Found node: Group_094
Found mesh node: Group_094
Writing Group_094 mesh binary...
Info: Create Ogre submeshs
Info: create submesh : 0
Info: Create mesh bounding box
Info: Create mesh edge list
Info: Create mesh tangents
Info: Write mesh file : c:\users\konrad\desktop\models\mapa\mesh\mapaGroup_094.mesh
Found node: Group_095
Found mesh node: Group_095
Writing Group_095 mesh binary...
Info: Create Ogre submeshs
Info: create submesh : 0
Info: Create mesh bounding box
Info: Create mesh edge list
Info: Create mesh tangents
Info: Write mesh file : c:\users\konrad\desktop\models\mapa\mesh\mapaGroup_095.mesh
Found node: Group_096
Found mesh node: Group_096
Writing Group_096 mesh binary...
Info: Create Ogre submeshs
Info: create submesh : 0
Info: Create mesh bounding box
Info: Create mesh edge list
Info: Create mesh tangents
Info: Write mesh file : c:\users\konrad\desktop\models\mapa\mesh\mapaGroup_096.mesh
Found node: Group_097
Found mesh node: Group_097
Writing Group_097 mesh binary...
Info: Create Ogre submeshs
Info: create submesh : 0
Info: Create mesh bounding box
Info: Create mesh edge list
Info: Create mesh tangents
Info: Write mesh file : c:\users\konrad\desktop\models\mapa\mesh\mapaGroup_097.mesh
Found node: Group_098
Found mesh node: Group_098
Writing Group_098 mesh binary...
Info: Create Ogre submeshs
Info: create submesh : 0
Info: Create mesh bounding box
Info: Create mesh edge list
Info: Create mesh tangents
Info: Write mesh file : c:\users\konrad\desktop\models\mapa\mesh\mapaGroup_098.mesh
Found node: Group_099
Found mesh node: Group_099
Writing Group_099 mesh binary...
Info: Create Ogre submeshs
Info: create submesh : 0
Info: Create mesh bounding box
Info: Create mesh edge list
Info: Create mesh tangents
Info: Write mesh file : c:\users\konrad\desktop\models\mapa\mesh\mapaGroup_099.mesh
Found node: Group_100
Found mesh node: Group_100
Writing Group_100 mesh binary...
Info: Create Ogre submeshs
Info: create submesh : 0
Info: Create mesh bounding box
Info: Create mesh edge list
Info: Create mesh tangents
Info: Write mesh file : c:\users\konrad\desktop\models\mapa\mesh\mapaGroup_100.mesh
Found node: Group_101
Found mesh node: Group_101
Writing Group_101 mesh binary...
Info: Create Ogre submeshs
Info: create submesh : 0
Info: Create mesh bounding box
Info: Create mesh edge list
Info: Create mesh tangents
Info: Write mesh file : c:\users\konrad\desktop\models\mapa\mesh\mapaGroup_101.mesh
Found node: Group_102
Found mesh node: Group_102
Writing Group_102 mesh binary...
Info: Create Ogre submeshs
Info: create submesh : 0
Info: Create mesh bounding box
Info: Create mesh edge list
Info: Create mesh tangents
Info: Write mesh file : c:\users\konrad\desktop\models\mapa\mesh\mapaGroup_102.mesh
Found node: Group_103
Found mesh node: Group_103
Writing Group_103 mesh binary...
Info: Create Ogre submeshs
Info: create submesh : 0
Info: Create mesh bounding box
Info: Create mesh edge list
Info: Create mesh tangents
Info: Write mesh file : c:\users\konrad\desktop\models\mapa\mesh\mapaGroup_103.mesh
Found node: Group_104
Found mesh node: Group_104
Writing Group_104 mesh binary...
Info: Create Ogre submeshs
Info: create submesh : 0
Info: Create mesh bounding box
Info: Create mesh edge list
Info: Create mesh tangents
Info: Write mesh file : c:\users\konrad\desktop\models\mapa\mesh\mapaGroup_104.mesh
Found node: Group_105
Found mesh node: Group_105
Writing Group_105 mesh binary...
Info: Create Ogre submeshs
Info: create submesh : 0
Info: Create mesh bounding box
Info: Create mesh edge list
Info: Create mesh tangents
Info: Write mesh file : c:\users\konrad\desktop\models\mapa\mesh\mapaGroup_105.mesh
Found node: Group_106
Found mesh node: Group_106
Writing Group_106 mesh binary...
Info: Create Ogre submeshs
Info: create submesh : 0
Info: Create mesh bounding box
Info: Create mesh edge list
Info: Create mesh tangents
Info: Write mesh file : c:\users\konrad\desktop\models\mapa\mesh\mapaGroup_106.mesh
Found node: Group_107
Found mesh node: Group_107
Writing Group_107 mesh binary...
Info: Create Ogre submeshs
Info: create submesh : 0
Info: Create mesh bounding box
Info: Create mesh edge list
Info: Create mesh tangents
Info: Write mesh file : c:\users\konrad\desktop\models\mapa\mesh\mapaGroup_107.mesh
Found node: Group_108
Found mesh node: Group_108
Writing Group_108 mesh binary...
Info: Create Ogre submeshs
Info: create submesh : 0
Info: Create mesh bounding box
Info: Create mesh edge list
Info: Create mesh tangents
Info: Write mesh file : c:\users\konrad\desktop\models\mapa\mesh\mapaGroup_108.mesh
Found node: Group_109
Found mesh node: Group_109
Writing Group_109 mesh binary...
Info: Create Ogre submeshs
Info: create submesh : 0
Info: Create mesh bounding box
Info: Create mesh edge list
Info: Create mesh tangents
Info: Write mesh file : c:\users\konrad\desktop\models\mapa\mesh\mapaGroup_109.mesh
Found node: Group_110
Found mesh node: Group_110
Writing Group_110 mesh binary...
Info: Create Ogre submeshs
Info: create submesh : 0
Info: Create mesh bounding box
Info: Create mesh edge list
Info: Create mesh tangents
Info: Write mesh file : c:\users\konrad\desktop\models\mapa\mesh\mapaGroup_110.mesh
Found node: Group_111
Found mesh node: Group_111
Writing Group_111 mesh binary...
Info: Create Ogre submeshs
Info: create submesh : 0
Info: Create mesh bounding box
Info: Create mesh edge list
Info: Create mesh tangents
Info: Write mesh file : c:\users\konrad\desktop\models\mapa\mesh\mapaGroup_111.mesh
Found node: Group_112
Found mesh node: Group_112
Writing Group_112 mesh binary...
Info: Create Ogre submeshs
Info: create submesh : 0
Info: Create mesh bounding box
Info: Create mesh edge list
Info: Create mesh tangents
Info: Write mesh file : c:\users\konrad\desktop\models\mapa\mesh\mapaGroup_112.mesh
Found node: Group_113
Found mesh node: Group_113
Writing Group_113 mesh binary...
Info: Create Ogre submeshs
Info: create submesh : 0
Info: Create mesh bounding box
Info: Create mesh edge list
Info: Create mesh tangents
Info: Write mesh file : c:\users\konrad\desktop\models\mapa\mesh\mapaGroup_113.mesh
Found node: Group_114
Found mesh node: Group_114
Writing Group_114 mesh binary...
Info: Create Ogre submeshs
Info: create submesh : 0
Info: Create mesh bounding box
Info: Create mesh edge list
Info: Create mesh tangents
Info: Write mesh file : c:\users\konrad\desktop\models\mapa\mesh\mapaGroup_114.mesh
Found node: Group_115
Found mesh node: Group_115
Writing Group_115 mesh binary...
Info: Create Ogre submeshs
Info: create submesh : 0
Info: Create mesh bounding box
Info: Create mesh edge list
Info: Create mesh tangents
Info: Write mesh file : c:\users\konrad\desktop\models\mapa\mesh\mapaGroup_115.mesh
Found node: Group_116
Found mesh node: Group_116
Writing Group_116 mesh binary...
Info: Create Ogre submeshs
Info: create submesh : 0
Info: Create mesh bounding box
Info: Create mesh edge list
Info: Create mesh tangents
Info: Write mesh file : c:\users\konrad\desktop\models\mapa\mesh\mapaGroup_116.mesh
Found node: Group_117
Found mesh node: Group_117
Writing Group_117 mesh binary...
Info: Create Ogre submeshs
Info: create submesh : 0
Info: Create mesh bounding box
Info: Create mesh edge list
Info: Create mesh tangents
Info: Write mesh file : c:\users\konrad\desktop\models\mapa\mesh\mapaGroup_117.mesh
Found node: Group_118
Found mesh node: Group_118
Writing Group_118 mesh binary...
Info: Create Ogre submeshs
Info: create submesh : 0
Info: Create mesh bounding box
Info: Create mesh edge list
Info: Create mesh tangents
Info: Write mesh file : c:\users\konrad\desktop\models\mapa\mesh\mapaGroup_118.mesh
Found node: Group_119
Found mesh node: Group_119
Writing Group_119 mesh binary...
Info: Create Ogre submeshs
Info: create submesh : 0
Info: Create mesh bounding box
Info: Create mesh edge list
Info: Create mesh tangents
Info: Write mesh file : c:\users\konrad\desktop\models\mapa\mesh\mapaGroup_119.mesh
Found node: Group_120
Found mesh node: Group_120
Writing Group_120 mesh binary...
Info: Create Ogre submeshs
Info: create submesh : 0
Info: Create mesh bounding box
Info: Create mesh edge list
Info: Create mesh tangents
Info: Write mesh file : c:\users\konrad\desktop\models\mapa\mesh\mapaGroup_120.mesh
Found node: Group_121
Found mesh node: Group_121
Writing Group_121 mesh binary...
Info: Create Ogre submeshs
Info: create submesh : 0
Info: Create mesh bounding box
Info: Create mesh edge list
Info: Create mesh tangents
Info: Write mesh file : c:\users\konrad\desktop\models\mapa\mesh\mapaGroup_121.mesh
Found node: Group_122
Found mesh node: Group_122
Writing Group_122 mesh binary...
Info: Create Ogre submeshs
Info: create submesh : 0
Info: Create mesh bounding box
Info: Create mesh edge list
Info: Create mesh tangents
Info: Write mesh file : c:\users\konrad\desktop\models\mapa\mesh\mapaGroup_122.mesh
Found node: Group_123
Found mesh node: Group_123
Writing Group_123 mesh binary...
Info: Create Ogre submeshs
Info: create submesh : 0
Info: Create mesh bounding box
Info: Create mesh edge list
Info: Create mesh tangents
Info: Write mesh file : c:\users\konrad\desktop\models\mapa\mesh\mapaGroup_123.mesh
Found node: Group_124
Found mesh node: Group_124
Writing Group_124 mesh binary...
Info: Create Ogre submeshs
Info: create submesh : 0
Info: Create mesh bounding box
Info: Create mesh edge list
Info: Create mesh tangents
Info: Write mesh file : c:\users\konrad\desktop\models\mapa\mesh\mapaGroup_124.mesh
Found node: Group_125
Found mesh node: Group_125
Writing Group_125 mesh binary...
Info: Create Ogre submeshs
Info: create submesh : 0
Info: Create mesh bounding box
Info: Create mesh edge list
Info: Create mesh tangents
Info: Write mesh file : c:\users\konrad\desktop\models\mapa\mesh\mapaGroup_125.mesh
Found node: Group_126
Found mesh node: Group_126
Writing Group_126 mesh binary...
Info: Create Ogre submeshs
Info: create submesh : 0
Info: Create mesh bounding box
Info: Create mesh edge list
Info: Create mesh tangents
Info: Write mesh file : c:\users\konrad\desktop\models\mapa\mesh\mapaGroup_126.mesh
Found node: Group_127
Found mesh node: Group_127
Writing Group_127 mesh binary...
Info: Create Ogre submeshs
Info: create submesh : 0
Info: Create mesh bounding box
Info: Create mesh edge list
Info: Create mesh tangents
Info: Write mesh file : c:\users\konrad\desktop\models\mapa\mesh\mapaGroup_127.mesh
Found node: Group_128
Found mesh node: Group_128
Writing Group_128 mesh binary...
Info: Create Ogre submeshs
Info: create submesh : 0
Info: Create mesh bounding box
Info: Create mesh edge list
Info: Create mesh tangents
Info: Write mesh file : c:\users\konrad\desktop\models\mapa\mesh\mapaGroup_128.mesh
Found node: Group_129
Found mesh node: Group_129
Writing Group_129 mesh binary...
Info: Create Ogre submeshs
Info: create submesh : 0
Info: Create mesh bounding box
Info: Create mesh edge list
Info: Create mesh tangents
Info: Write mesh file : c:\users\konrad\desktop\models\mapa\mesh\mapaGroup_129.mesh
Found node: Group_130
Found mesh node: Group_130
Writing Group_130 mesh binary...
Info: Create Ogre submeshs
Info: create submesh : 0
Info: Create mesh bounding box
Info: Create mesh edge list
Info: Create mesh tangents
Info: Write mesh file : c:\users\konrad\desktop\models\mapa\mesh\mapaGroup_130.mesh
Found node: Group_131
Found mesh node: Group_131
Writing Group_131 mesh binary...
Info: Create Ogre submeshs
Info: create submesh : 0
Info: Create mesh bounding box
Info: Create mesh edge list
Info: Create mesh tangents
Info: Write mesh file : c:\users\konrad\desktop\models\mapa\mesh\mapaGroup_131.mesh
Found node: Group_132
Found mesh node: Group_132
Writing Group_132 mesh binary...
Info: Create Ogre submeshs
Info: create submesh : 0
Info: Create mesh bounding box
Info: Create mesh edge list
Info: Create mesh tangents
Info: Write mesh file : c:\users\konrad\desktop\models\mapa\mesh\mapaGroup_132.mesh
Found node: Group_133
Found mesh node: Group_133
Writing Group_133 mesh binary...
Info: Create Ogre submeshs
Info: create submesh : 0
Info: Create mesh bounding box
Info: Create mesh edge list
Info: Create mesh tangents
Info: Write mesh file : c:\users\konrad\desktop\models\mapa\mesh\mapaGroup_133.mesh
Found node: Group_134
Found mesh node: Group_134
Writing Group_134 mesh binary...
Info: Create Ogre submeshs
Info: create submesh : 0
Info: Create mesh bounding box
Info: Create mesh edge list
Info: Create mesh tangents
Info: Write mesh file : c:\users\konrad\desktop\models\mapa\mesh\mapaGroup_134.mesh
Found node: Group_135
Found mesh node: Group_135
Writing Group_135 mesh binary...
Info: Create Ogre submeshs
Info: create submesh : 0
Info: Create mesh bounding box
Info: Create mesh edge list
Info: Create mesh tangents
Info: Write mesh file : c:\users\konrad\desktop\models\mapa\mesh\mapaGroup_135.mesh
Found node: Group_136
Found mesh node: Group_136
Writing Group_136 mesh binary...
Info: Create Ogre submeshs
Info: create submesh : 0
Info: Create mesh bounding box
Info: Create mesh edge list
Info: Create mesh tangents
Info: Write mesh file : c:\users\konrad\desktop\models\mapa\mesh\mapaGroup_136.mesh
Found node: Group_137
Found mesh node: Group_137
Writing Group_137 mesh binary...
Info: Create Ogre submeshs
Info: create submesh : 0
Info: Create mesh bounding box
Info: Create mesh edge list
Info: Create mesh tangents
Info: Write mesh file : c:\users\konrad\desktop\models\mapa\mesh\mapaGroup_137.mesh
Found node: Group_138
Found mesh node: Group_138
Writing Group_138 mesh binary...
Info: Create Ogre submeshs
Info: create submesh : 0
Info: Create mesh bounding box
Info: Create mesh edge list
Info: Create mesh tangents
Info: Write mesh file : c:\users\konrad\desktop\models\mapa\mesh\mapaGroup_138.mesh
Found node: Group_139
Found mesh node: Group_139
Writing Group_139 mesh binary...
Info: Create Ogre submeshs
Info: create submesh : 0
Info: Create mesh bounding box
Info: Create mesh edge list
Info: Create mesh tangents
Info: Write mesh file : c:\users\konrad\desktop\models\mapa\mesh\mapaGroup_139.mesh
Found node: Group_140
Found mesh node: Group_140
Writing Group_140 mesh binary...
Info: Create Ogre submeshs
Info: create submesh : 0
Info: Create mesh bounding box
Info: Create mesh edge list
Info: Create mesh tangents
Info: Write mesh file : c:\users\konrad\desktop\models\mapa\mesh\mapaGroup_140.mesh
Found node: Group_141
Found mesh node: Group_141
Writing Group_141 mesh binary...
Info: Create Ogre submeshs
Info: create submesh : 0
Info: Create mesh bounding box
Info: Create mesh edge list
Info: Create mesh tangents
Info: Write mesh file : c:\users\konrad\desktop\models\mapa\mesh\mapaGroup_141.mesh
Found node: Group_142
Found mesh node: Group_142
Writing Group_142 mesh binary...
Info: Create Ogre submeshs
Info: create submesh : 0
Info: Create mesh bounding box
Info: Create mesh edge list
Info: Create mesh tangents
Info: Write mesh file : c:\users\konrad\desktop\models\mapa\mesh\mapaGroup_142.mesh
Found node: Group_143
Found mesh node: Group_143
Writing Group_143 mesh binary...
Info: Create Ogre submeshs
Info: create submesh : 0
Info: Create mesh bounding box
Info: Create mesh edge list
Info: Create mesh tangents
Info: Write mesh file : c:\users\konrad\desktop\models\mapa\mesh\mapaGroup_143.mesh
Found node: Group_144
Found mesh node: Group_144
Writing Group_144 mesh binary...
Info: Create Ogre submeshs
Info: create submesh : 0
Info: Create mesh bounding box
Info: Create mesh edge list
Info: Create mesh tangents
Info: Write mesh file : c:\users\konrad\desktop\models\mapa\mesh\mapaGroup_144.mesh
Found node: Group_145
Found mesh node: Group_145
Writing Group_145 mesh binary...
Info: Create Ogre submeshs
Info: create submesh : 0
Info: Create mesh bounding box
Info: Create mesh edge list
Info: Create mesh tangents
Info: Write mesh file : c:\users\konrad\desktop\models\mapa\mesh\mapaGroup_145.mesh
Found node: Group_146
Found mesh node: Group_146
Writing Group_146 mesh binary...
Info: Create Ogre submeshs
Info: create submesh : 0
Info: Create mesh bounding box
Info: Create mesh edge list
Info: Create mesh tangents
Info: Write mesh file : c:\users\konrad\desktop\models\mapa\mesh\mapaGroup_146.mesh
Found node: Group_147
Found mesh node: Group_147
Writing Group_147 mesh binary...
Info: Create Ogre submeshs
Info: create submesh : 0
Info: Create mesh bounding box
Info: Create mesh edge list
Info: Create mesh tangents
Info: Write mesh file : c:\users\konrad\desktop\models\mapa\mesh\mapaGroup_147.mesh
Found node: Group_148
Found mesh node: Group_148
Writing Group_148 mesh binary...
Info: Create Ogre submeshs
Info: create submesh : 0
Info: Create mesh bounding box
Info: Create mesh edge list
Info: Create mesh tangents
Info: Write mesh file : c:\users\konrad\desktop\models\mapa\mesh\mapaGroup_148.mesh
Found node: Group_149
Found mesh node: Group_149
Writing Group_149 mesh binary...
Info: Create Ogre submeshs
Info: create submesh : 0
Info: Create mesh bounding box
Info: Create mesh edge list
Info: Create mesh tangents
Info: Write mesh file : c:\users\konrad\desktop\models\mapa\mesh\mapaGroup_149.mesh
Found node: Group_150
Found mesh node: Group_150
Writing Group_150 mesh binary...
Info: Create Ogre submeshs
Info: create submesh : 0
Info: Create mesh bounding box
Info: Create mesh edge list
Info: Create mesh tangents
Info: Write mesh file : c:\users\konrad\desktop\models\mapa\mesh\mapaGroup_150.mesh
Found node: Group_151
Found mesh node: Group_151
Writing Group_151 mesh binary...
Info: Create Ogre submeshs
Info: create submesh : 0
Info: Create mesh bounding box
Info: Create mesh edge list
Info: Create mesh tangents
Info: Write mesh file : c:\users\konrad\desktop\models\mapa\mesh\mapaGroup_151.mesh
Found node: Group_152
Found mesh node: Group_152
Writing Group_152 mesh binary...
Info: Create Ogre submeshs
Info: create submesh : 0
Info: Create mesh bounding box
Info: Create mesh edge list
Info: Create mesh tangents
Info: Write mesh file : c:\users\konrad\desktop\models\mapa\mesh\mapaGroup_152.mesh
Found node: Group_153
Found mesh node: Group_153
Writing Group_153 mesh binary...
Info: Create Ogre submeshs
Info: create submesh : 0
Info: Create mesh bounding box
Info: Create mesh edge list
Info: Create mesh tangents
Info: Write mesh file : c:\users\konrad\desktop\models\mapa\mesh\mapaGroup_153.mesh
Found node: Group_154
Found mesh node: Group_154
Writing Group_154 mesh binary...
Info: Create Ogre submeshs
Info: create submesh : 0
Info: Create mesh bounding box
Info: Create mesh edge list
Info: Create mesh tangents
Info: Write mesh file : c:\users\konrad\desktop\models\mapa\mesh\mapaGroup_154.mesh
Found node: Group_155
Found mesh node: Group_155
Writing Group_155 mesh binary...
Info: Create Ogre submeshs
Info: create submesh : 0
Info: Create mesh bounding box
Info: Create mesh edge list
Info: Create mesh tangents
Info: Write mesh file : c:\users\konrad\desktop\models\mapa\mesh\mapaGroup_155.mesh
Found node: Group_156
Found mesh node: Group_156
Writing Group_156 mesh binary...
Info: Create Ogre submeshs
Info: create submesh : 0
Info: Create mesh bounding box
Info: Create mesh edge list
Info: Create mesh tangents
Info: Write mesh file : c:\users\konrad\desktop\models\mapa\mesh\mapaGroup_156.mesh
Found node: Group_157
Found mesh node: Group_157
Writing Group_157 mesh binary...
Info: Create Ogre submeshs
Info: create submesh : 0
Info: Create mesh bounding box
Info: Create mesh edge list
Info: Create mesh tangents
Info: Write mesh file : c:\users\konrad\desktop\models\mapa\mesh\mapaGroup_157.mesh
Found node: Group_158
Found mesh node: Group_158
Writing Group_158 mesh binary...
Info: Create Ogre submeshs
Info: create submesh : 0
Info: Create mesh bounding box
Info: Create mesh edge list
Info: Create mesh tangents
Info: Write mesh file : c:\users\konrad\desktop\models\mapa\mesh\mapaGroup_158.mesh
Found node: Group_159
Found mesh node: Group_159
Writing Group_159 mesh binary...
Info: Create Ogre submeshs
Info: create submesh : 0
Info: Create mesh bounding box
Info: Create mesh edge list
Info: Create mesh tangents
Info: Write mesh file : c:\users\konrad\desktop\models\mapa\mesh\mapaGroup_159.mesh
Found node: Group_160
Found mesh node: Group_160
Writing Group_160 mesh binary...
Info: Create Ogre submeshs
Info: create submesh : 0
Info: Create mesh bounding box
Info: Create mesh edge list
Info: Create mesh tangents
Info: Write mesh file : c:\users\konrad\desktop\models\mapa\mesh\mapaGroup_160.mesh
Found node: Group_161
Found mesh node: Group_161
Writing Group_161 mesh binary...
Info: Create Ogre submeshs
Info: create submesh : 0
Info: Create mesh bounding box
Info: Create mesh edge list
Info: Create mesh tangents
Info: Write mesh file : c:\users\konrad\desktop\models\mapa\mesh\mapaGroup_161.mesh
Found node: Group_162
Found mesh node: Group_162
Writing Group_162 mesh binary...
Info: Create Ogre submeshs
Info: create submesh : 0
Info: Create mesh bounding box
Info: Create mesh edge list
Info: Create mesh tangents
Info: Write mesh file : c:\users\konrad\desktop\models\mapa\mesh\mapaGroup_162.mesh
Found node: Group_163
Found mesh node: Group_163
Writing Group_163 mesh binary...
Info: Create Ogre submeshs
Info: create submesh : 0
Info: Create mesh bounding box
Info: Create mesh edge list
Info: Create mesh tangents
Info: Write mesh file : c:\users\konrad\desktop\models\mapa\mesh\mapaGroup_163.mesh
Found node: Group_164
Found mesh node: Group_164
Writing Group_164 mesh binary...
Info: Create Ogre submeshs
Info: create submesh : 0
Info: Create mesh bounding box
Info: Create mesh edge list
Info: Create mesh tangents
Info: Write mesh file : c:\users\konrad\desktop\models\mapa\mesh\mapaGroup_164.mesh
Found node: Group_165
Found mesh node: Group_165
Writing Group_165 mesh binary...
Info: Create Ogre submeshs
Info: create submesh : 0
Info: Create mesh bounding box
Info: Create mesh edge list
Info: Create mesh tangents
Info: Write mesh file : c:\users\konrad\desktop\models\mapa\mesh\mapaGroup_165.mesh
Found node: Group_166
Found mesh node: Group_166
Writing Group_166 mesh binary...
Info: Create Ogre submeshs
Info: create submesh : 0
Info: Create mesh bounding box
Info: Create mesh edge list
Info: Create mesh tangents
Info: Write mesh file : c:\users\konrad\desktop\models\mapa\mesh\mapaGroup_166.mesh
Found node: Group_167
Found mesh node: Group_167
Writing Group_167 mesh binary...
Info: Create Ogre submeshs
Info: create submesh : 0
Info: Create mesh bounding box
Info: Create mesh edge list
Info: Create mesh tangents
Info: Write mesh file : c:\users\konrad\desktop\models\mapa\mesh\mapaGroup_167.mesh
Found node: Group_168
Found mesh node: Group_168
Writing Group_168 mesh binary...
Info: Create Ogre submeshs
Info: create submesh : 0
Info: Create mesh bounding box
Info: Create mesh edge list
Info: Create mesh tangents
Info: Write mesh file : c:\users\konrad\desktop\models\mapa\mesh\mapaGroup_168.mesh
Found node: Group_169
Found mesh node: Group_169
Writing Group_169 mesh binary...
Info: Create Ogre submeshs
Info: create submesh : 0
Info: Create mesh bounding box
Info: Create mesh edge list
Info: Create mesh tangents
Info: Write mesh file : c:\users\konrad\desktop\models\mapa\mesh\mapaGroup_169.mesh
Found node: Group_170
Found mesh node: Group_170
Writing Group_170 mesh binary...
Info: Create Ogre submeshs
Info: create submesh : 0
Info: Create mesh bounding box
Info: Create mesh edge list
Info: Create mesh tangents
Info: Write mesh file : c:\users\konrad\desktop\models\mapa\mesh\mapaGroup_170.mesh
Found node: Group_171
Found mesh node: Group_171
Writing Group_171 mesh binary...
Info: Create Ogre submeshs
Info: create submesh : 0
Info: Create mesh bounding box
Info: Create mesh edge list
Info: Create mesh tangents
Info: Write mesh file : c:\users\konrad\desktop\models\mapa\mesh\mapaGroup_171.mesh
Found node: Group_172
Found mesh node: Group_172
Writing Group_172 mesh binary...
Info: Create Ogre submeshs
Info: create submesh : 0
Info: Create mesh bounding box
Info: Create mesh edge list
Info: Create mesh tangents
Info: Write mesh file : c:\users\konrad\desktop\models\mapa\mesh\mapaGroup_172.mesh
Found node: Group_173
Found mesh node: Group_173
Writing Group_173 mesh binary...
Info: Create Ogre submeshs
Info: create submesh : 0
Info: Create mesh bounding box
Info: Create mesh edge list
Info: Create mesh tangents
Info: Write mesh file : c:\users\konrad\desktop\models\mapa\mesh\mapaGroup_173.mesh
Found node: Group_174
Found mesh node: Group_174
Writing Group_174 mesh binary...
Info: Create Ogre submeshs
Info: create submesh : 0
Info: Create mesh bounding box
Info: Create mesh edge list
Info: Create mesh tangents
Info: Write mesh file : c:\users\konrad\desktop\models\mapa\mesh\mapaGroup_174.mesh
Found node: Group_175
Found mesh node: Group_175
Writing Group_175 mesh binary...
Info: Create Ogre submeshs
Info: create submesh : 0
Info: Create mesh bounding box
Info: Create mesh edge list
Info: Create mesh tangents
Info: Write mesh file : c:\users\konrad\desktop\models\mapa\mesh\mapaGroup_175.mesh
Found node: Group_176
Found mesh node: Group_176
Writing Group_176 mesh binary...
Info: Create Ogre submeshs
Info: create submesh : 0
Info: Create mesh bounding box
Info: Create mesh edge list
Info: Create mesh tangents
Info: Write mesh file : c:\users\konrad\desktop\models\mapa\mesh\mapaGroup_176.mesh
Found node: Group_177
Found mesh node: Group_177
Writing Group_177 mesh binary...
Info: Create Ogre submeshs
Info: create submesh : 0
Info: Create mesh bounding box
Info: Create mesh edge list
Info: Create mesh tangents
Info: Write mesh file : c:\users\konrad\desktop\models\mapa\mesh\mapaGroup_177.mesh
Found node: Group_178
Found mesh node: Group_178
Writing Group_178 mesh binary...
Info: Create Ogre submeshs
Info: create submesh : 0
Info: Create mesh bounding box
Info: Create mesh edge list
Info: Create mesh tangents
Info: Write mesh file : c:\users\konrad\desktop\models\mapa\mesh\mapaGroup_178.mesh
Found node: Group_179
Found mesh node: Group_179
Writing Group_179 mesh binary...
Info: Create Ogre submeshs
Info: create submesh : 0
Info: Create mesh bounding box
Info: Create mesh edge list
Info: Create mesh tangents
Info: Write mesh file : c:\users\konrad\desktop\models\mapa\mesh\mapaGroup_179.mesh
Found node: Group_180
Found mesh node: Group_180
Writing Group_180 mesh binary...
Info: Create Ogre submeshs
Info: create submesh : 0
Info: Create mesh bounding box
Info: Create mesh edge list
Info: Create mesh tangents
Info: Write mesh file : c:\users\konrad\desktop\models\mapa\mesh\mapaGroup_180.mesh
Found node: Group_181
Found mesh node: Group_181
Writing Group_181 mesh binary...
Info: Create Ogre submeshs
Info: create submesh : 0
Info: Create mesh bounding box
Info: Create mesh edge list
Info: Create mesh tangents
Info: Write mesh file : c:\users\konrad\desktop\models\mapa\mesh\mapaGroup_181.mesh
Found node: Group_182
Found mesh node: Group_182
Writing Group_182 mesh binary...
Info: Create Ogre submeshs
Info: create submesh : 0
Info: Create mesh bounding box
Info: Create mesh edge list
Info: Create mesh tangents
Info: Write mesh file : c:\users\konrad\desktop\models\mapa\mesh\mapaGroup_182.mesh
Found node: Group_183
Found mesh node: Group_183
Writing Group_183 mesh binary...
Info: Create Ogre submeshs
Info: create submesh : 0
Info: Create mesh bounding box
Info: Create mesh edge list
Info: Create mesh tangents
Info: Write mesh file : c:\users\konrad\desktop\models\mapa\mesh\mapaGroup_183.mesh
Found node: Group_184
Found mesh node: Group_184
Writing Group_184 mesh binary...
Info: Create Ogre submeshs
Info: create submesh : 0
Info: Create mesh bounding box
Info: Create mesh edge list
Info: Create mesh tangents
Info: Write mesh file : c:\users\konrad\desktop\models\mapa\mesh\mapaGroup_184.mesh
Found node: Group_185
Found mesh node: Group_185
Writing Group_185 mesh binary...
Info: Create Ogre submeshs
Info: create submesh : 0
Info: Create mesh bounding box
Info: Create mesh edge list
Info: Create mesh tangents
Info: Write mesh file : c:\users\konrad\desktop\models\mapa\mesh\mapaGroup_185.mesh
Found node: Group_186
Found mesh node: Group_186
Writing Group_186 mesh binary...
Info: Create Ogre submeshs
Info: create submesh : 0
Info: Create mesh bounding box
Info: Create mesh edge list
Info: Create mesh tangents
Info: Write mesh file : c:\users\konrad\desktop\models\mapa\mesh\mapaGroup_186.mesh
Found node: Group_187
Found mesh node: Group_187
Writing Group_187 mesh binary...
Info: Create Ogre submeshs
Info: create submesh : 0
Info: Create mesh bounding box
Info: Create mesh edge list
Info: Create mesh tangents
Info: Write mesh file : c:\users\konrad\desktop\models\mapa\mesh\mapaGroup_187.mesh
Found node: Group_188
Found mesh node: Group_188
Writing Group_188 mesh binary...
Info: Create Ogre submeshs
Info: create submesh : 0
Info: Create mesh bounding box
Info: Create mesh edge list
Info: Create mesh tangents
Info: Write mesh file : c:\users\konrad\desktop\models\mapa\mesh\mapaGroup_188.mesh
Found node: Group_189
Found mesh node: Group_189
Writing Group_189 mesh binary...
Info: Create Ogre submeshs
Info: create submesh : 0
Info: Create mesh bounding box
Info: Create mesh edge list
Info: Create mesh tangents
Info: Write mesh file : c:\users\konrad\desktop\models\mapa\mesh\mapaGroup_189.mesh
Found node: Group_190
Found mesh node: Group_190
Writing Group_190 mesh binary...
Info: Create Ogre submeshs
Info: create submesh : 0
Info: Create mesh bounding box
Info: Create mesh edge list
Info: Create mesh tangents
Info: Write mesh file : c:\users\konrad\desktop\models\mapa\mesh\mapaGroup_190.mesh
Found node: Group_191
Found mesh node: Group_191
Writing Group_191 mesh binary...
Info: Create Ogre submeshs
Info: create submesh : 0
Info: Create mesh bounding box
Info: Create mesh edge list
Info: Create mesh tangents
Info: Write mesh file : c:\users\konrad\desktop\models\mapa\mesh\mapaGroup_191.mesh
Found node: Group_192
Found mesh node: Group_192
Writing Group_192 mesh binary...
Info: Create Ogre submeshs
Info: create submesh : 0
Info: Create mesh bounding box
Info: Create mesh edge list
Info: Create mesh tangents
Info: Write mesh file : c:\users\konrad\desktop\models\mapa\mesh\mapaGroup_192.mesh
Found node: Group_193
Found mesh node: Group_193
Writing Group_193 mesh binary...
Info: Create Ogre submeshs
Info: create submesh : 0
Info: Create mesh bounding box
Info: Create mesh edge list
Info: Create mesh tangents
Info: Write mesh file : c:\users\konrad\desktop\models\mapa\mesh\mapaGroup_193.mesh
Found node: Group_194
Found mesh node: Group_194
Writing Group_194 mesh binary...
Info: Create Ogre submeshs
Info: create submesh : 0
Info: Create mesh bounding box
Info: Create mesh edge list
Info: Create mesh tangents
Info: Write mesh file : c:\users\konrad\desktop\models\mapa\mesh\mapaGroup_194.mesh
Found node: Group_195
Found mesh node: Group_195
Writing Group_195 mesh binary...
Info: Create Ogre submeshs
Info: create submesh : 0
Info: Create mesh bounding box
Info: Create mesh edge list
Info: Create mesh tangents
Info: Write mesh file : c:\users\konrad\desktop\models\mapa\mesh\mapaGroup_195.mesh
Found node: Group_196
Found mesh node: Group_196
Writing Group_196 mesh binary...
Info: Create Ogre submeshs
Info: create submesh : 0
Info: Create mesh bounding box
Info: Create mesh edge list
Info: Create mesh tangents
Info: Write mesh file : c:\users\konrad\desktop\models\mapa\mesh\mapaGroup_196.mesh
Found node: Group_197
Found mesh node: Group_197
Writing Group_197 mesh binary...
Info: Create Ogre submeshs
Info: create submesh : 0
Info: Create mesh bounding box
Info: Create mesh edge list
Info: Create mesh tangents
Info: Write mesh file : c:\users\konrad\desktop\models\mapa\mesh\mapaGroup_197.mesh
Found node: Group_198
Found mesh node: Group_198
Writing Group_198 mesh binary...
Info: Create Ogre submeshs
Info: create submesh : 0
Info: Create mesh bounding box
Info: Create mesh edge list
Info: Create mesh tangents
Info: Write mesh file : c:\users\konrad\desktop\models\mapa\mesh\mapaGroup_198.mesh
Found node: Group_199
Found mesh node: Group_199
Writing Group_199 mesh binary...
Info: Create Ogre submeshs
Info: create submesh : 0
Info: Create mesh bounding box
Info: Create mesh edge list
Info: Create mesh tangents
Info: Write mesh file : c:\users\konrad\desktop\models\mapa\mesh\mapaGroup_199.mesh
Found node: Group_200
Found mesh node: Group_200
Writing Group_200 mesh binary...
Info: Create Ogre submeshs
Info: create submesh : 0
Info: Create mesh bounding box
Info: Create mesh edge list
Info: Create mesh tangents
Info: Write mesh file : c:\users\konrad\desktop\models\mapa\mesh\mapaGroup_200.mesh
Found node: Group_201
Found mesh node: Group_201
Writing Group_201 mesh binary...
Info: Create Ogre submeshs
Info: create submesh : 0
Info: Create mesh bounding box
Info: Create mesh edge list
Info: Create mesh tangents
Info: Write mesh file : c:\users\konrad\desktop\models\mapa\mesh\mapaGroup_201.mesh
Found node: Group_202
Found mesh node: Group_202
Writing Group_202 mesh binary...
Info: Create Ogre submeshs
Info: create submesh : 0
Info: Create mesh bounding box
Info: Create mesh edge list
Info: Create mesh tangents
Info: Write mesh file : c:\users\konrad\desktop\models\mapa\mesh\mapaGroup_202.mesh
Found node: Group_203
Found mesh node: Group_203
Writing Group_203 mesh binary...
Info: Create Ogre submeshs
Info: create submesh : 0
Info: Create mesh bounding box
Info: Create mesh edge list
Info: Create mesh tangents
Info: Write mesh file : c:\users\konrad\desktop\models\mapa\mesh\mapaGroup_203.mesh
Found node: Group_204
Found mesh node: Group_204
Writing Group_204 mesh binary...
Info: Create Ogre submeshs
Info: create submesh : 0
Info: Create mesh bounding box
Info: Create mesh edge list
Info: Create mesh tangents
Info: Write mesh file : c:\users\konrad\desktop\models\mapa\mesh\mapaGroup_204.mesh
Found node: Group_205
Found mesh node: Group_205
Writing Group_205 mesh binary...
Info: Create Ogre submeshs
Info: create submesh : 0
Info: Create mesh bounding box
Info: Create mesh edge list
Info: Create mesh tangents
Info: Write mesh file : c:\users\konrad\desktop\models\mapa\mesh\mapaGroup_205.mesh
Found node: Group_206
Found mesh node: Group_206
Writing Group_206 mesh binary...
Info: Create Ogre submeshs
Info: create submesh : 0
Info: Create mesh bounding box
Info: Create mesh edge list
Info: Create mesh tangents
Info: Write mesh file : c:\users\konrad\desktop\models\mapa\mesh\mapaGroup_206.mesh
Found node: Group_207
Found mesh node: Group_207
Writing Group_207 mesh binary...
Info: Create Ogre submeshs
Info: create submesh : 0
Info: Create mesh bounding box
Info: Create mesh edge list
Info: Create mesh tangents
Info: Write mesh file : c:\users\konrad\desktop\models\mapa\mesh\mapaGroup_207.mesh
Found node: Group_208
Found mesh node: Group_208
Writing Group_208 mesh binary...
Info: Create Ogre submeshs
Info: create submesh : 0
Info: Create mesh bounding box
Info: Create mesh edge list
Info: Create mesh tangents
Info: Write mesh file : c:\users\konrad\desktop\models\mapa\mesh\mapaGroup_208.mesh
Found node: Group_209
Found mesh node: Group_209
Writing Group_209 mesh binary...
Info: Create Ogre submeshs
Info: create submesh : 0
Info: Create mesh bounding box
Info: Create mesh edge list
Info: Create mesh tangents
Info: Write mesh file : c:\users\konrad\desktop\models\mapa\mesh\mapaGroup_209.mesh
Found node: Group_210
Found mesh node: Group_210
Writing Group_210 mesh binary...
Info: Create Ogre submeshs
Info: create submesh : 0
Info: Create mesh bounding box
Info: Create mesh edge list
Info: Create mesh tangents
Info: Write mesh file : c:\users\konrad\desktop\models\mapa\mesh\mapaGroup_210.mesh
Found node: Group_211
Found mesh node: Group_211
Writing Group_211 mesh binary...
Info: Create Ogre submeshs
Info: create submesh : 0
Info: Create mesh bounding box
Info: Create mesh edge list
Info: Create mesh tangents
Info: Write mesh file : c:\users\konrad\desktop\models\mapa\mesh\mapaGroup_211.mesh
Found node: Group_212
Found mesh node: Group_212
Writing Group_212 mesh binary...
Info: Create Ogre submeshs
Info: create submesh : 0
Info: Create mesh bounding box
Info: Create mesh edge list
Info: Create mesh tangents
Info: Write mesh file : c:\users\konrad\desktop\models\mapa\mesh\mapaGroup_212.mesh
Found node: Group_213
Found mesh node: Group_213
Writing Group_213 mesh binary...
Info: Create Ogre submeshs
Info: create submesh : 0
Info: Create mesh bounding box
Info: Create mesh edge list
Info: Create mesh tangents
Info: Write mesh file : c:\users\konrad\desktop\models\mapa\mesh\mapaGroup_213.mesh
Found node: Group_214
Found mesh node: Group_214
Writing Group_214 mesh binary...
Info: Create Ogre submeshs
Info: create submesh : 0
Info: Create mesh bounding box
Info: Create mesh edge list
Info: Create mesh tangents
Info: Write mesh file : c:\users\konrad\desktop\models\mapa\mesh\mapaGroup_214.mesh
Found node: Group_215
Found mesh node: Group_215
Writing Group_215 mesh binary...
Info: Create Ogre submeshs
Info: create submesh : 0
Info: Create mesh bounding box
Info: Create mesh edge list
Info: Create mesh tangents
Info: Write mesh file : c:\users\konrad\desktop\models\mapa\mesh\mapaGroup_215.mesh
Found node: Group_216
Found mesh node: Group_216
Writing Group_216 mesh binary...
Info: Create Ogre submeshs
Info: create submesh : 0
Info: Create mesh bounding box
Info: Create mesh edge list
Info: Create mesh tangents
Info: Write mesh file : c:\users\konrad\desktop\models\mapa\mesh\mapaGroup_216.mesh
Found node: Group_217
Found mesh node: Group_217
Writing Group_217 mesh binary...
Info: Create Ogre submeshs
Info: create submesh : 0
Info: Create mesh bounding box
Info: Create mesh edge list
Info: Create mesh tangents
Info: Write mesh file : c:\users\konrad\desktop\models\mapa\mesh\mapaGroup_217.mesh
Found node: Group_218
Found mesh node: Group_218
Writing Group_218 mesh binary...
Info: Create Ogre submeshs
Info: create submesh : 0
Info: Create mesh bounding box
Info: Create mesh edge list
Info: Create mesh tangents
Info: Write mesh file : c:\users\konrad\desktop\models\mapa\mesh\mapaGroup_218.mesh
Found node: Group_219
Found mesh node: Group_219
Writing Group_219 mesh binary...
Info: Create Ogre submeshs
Info: create submesh : 0
Info: Create mesh bounding box
Info: Create mesh edge list
Info: Create mesh tangents
Info: Write mesh file : c:\users\konrad\desktop\models\mapa\mesh\mapaGroup_219.mesh
Found node: Group_220
Found mesh node: Group_220
Writing Group_220 mesh binary...
Info: Create Ogre submeshs
Info: create submesh : 0
Info: Create mesh bounding box
Info: Create mesh edge list
Info: Create mesh tangents
Info: Write mesh file : c:\users\konrad\desktop\models\mapa\mesh\mapaGroup_220.mesh
Found node: Group_221
Found mesh node: Group_221
Writing Group_221 mesh binary...
Info: Create Ogre submeshs
Info: create submesh : 0
Info: Create mesh bounding box
Info: Create mesh edge list
Info: Create mesh tangents
Info: Write mesh file : c:\users\konrad\desktop\models\mapa\mesh\mapaGroup_221.mesh
Found node: Group_222
Found mesh node: Group_222
Writing Group_222 mesh binary...
Info: Create Ogre submeshs
Info: create submesh : 0
Info: Create mesh bounding box
Info: Create mesh edge list
Info: Create mesh tangents
Info: Write mesh file : c:\users\konrad\desktop\models\mapa\mesh\mapaGroup_222.mesh
Found node: Group_223
Found mesh node: Group_223
Writing Group_223 mesh binary...
Info: Create Ogre submeshs
Info: create submesh : 0
Info: Create mesh bounding box
Info: Create mesh edge list
Info: Create mesh tangents
Info: Write mesh file : c:\users\konrad\desktop\models\mapa\mesh\mapaGroup_223.mesh
Found node: Group_224
Found mesh node: Group_224
Writing Group_224 mesh binary...
Info: Create Ogre submeshs
Info: create submesh : 0
Info: Create mesh bounding box
Info: Create mesh edge list
Info: Create mesh tangents
Info: Write mesh file : c:\users\konrad\desktop\models\mapa\mesh\mapaGroup_224.mesh
Found node: Group_225
Found mesh node: Group_225
Writing Group_225 mesh binary...
Info: Create Ogre submeshs
Info: create submesh : 0
Info: Create mesh bounding box
Info: Create mesh edge list
Info: Create mesh tangents
Info: Write mesh file : c:\users\konrad\desktop\models\mapa\mesh\mapaGroup_225.mesh
Found node: Group_226
Found mesh node: Group_226
Writing Group_226 mesh binary...
Info: Create Ogre submeshs
Info: create submesh : 0
Info: Create mesh bounding box
Info: Create mesh edge list
Info: Create mesh tangents
Info: Write mesh file : c:\users\konrad\desktop\models\mapa\mesh\mapaGroup_226.mesh
Found node: Group_227
Found mesh node: Group_227
Writing Group_227 mesh binary...
Info: Create Ogre submeshs
Info: create submesh : 0
Info: Create mesh bounding box
Info: Create mesh edge list
Info: Create mesh tangents
Info: Write mesh file : c:\users\konrad\desktop\models\mapa\mesh\mapaGroup_227.mesh
Found node: Group_228
Found mesh node: Group_228
Writing Group_228 mesh binary...
Info: Create Ogre submeshs
Info: create submesh : 0
Info: Create mesh bounding box
Info: Create mesh edge list
Info: Create mesh tangents
Info: Write mesh file : c:\users\konrad\desktop\models\mapa\mesh\mapaGroup_228.mesh
Found node: Group_229
Found mesh node: Group_229
Writing Group_229 mesh binary...
Info: Create Ogre submeshs
Info: create submesh : 0
Info: Create mesh bounding box
Info: Create mesh edge list
Info: Create mesh tangents
Info: Write mesh file : c:\users\konrad\desktop\models\mapa\mesh\mapaGroup_229.mesh
Found node: Group_230
Found mesh node: Group_230
Writing Group_230 mesh binary...
Info: Create Ogre submeshs
Info: create submesh : 0
Info: Create mesh bounding box
Info: Create mesh edge list
Info: Create mesh tangents
Info: Write mesh file : c:\users\konrad\desktop\models\mapa\mesh\mapaGroup_230.mesh
Found node: Group_231
Found mesh node: Group_231
Writing Group_231 mesh binary...
Info: Create Ogre submeshs
Info: create submesh : 0
Info: Create mesh bounding box
Info: Create mesh edge list
Info: Create mesh tangents
Info: Write mesh file : c:\users\konrad\desktop\models\mapa\mesh\mapaGroup_231.mesh
Found node: Group_232
Found mesh node: Group_232
Writing Group_232 mesh binary...
Info: Create Ogre submeshs
Info: create submesh : 0
Info: Create mesh bounding box
Info: Create mesh edge list
Info: Create mesh tangents
Info: Write mesh file : c:\users\konrad\desktop\models\mapa\mesh\mapaGroup_232.mesh
Found node: Group_233
Found mesh node: Group_233
Writing Group_233 mesh binary...
Info: Create Ogre submeshs
Info: create submesh : 0
Info: Create mesh bounding box
Info: Create mesh edge list
Info: Create mesh tangents
Info: Write mesh file : c:\users\konrad\desktop\models\mapa\mesh\mapaGroup_233.mesh
Found node: Group_234
Found mesh node: Group_234
Writing Group_234 mesh binary...
Info: Create Ogre submeshs
Info: create submesh : 0
Info: Create mesh bounding box
Info: Create mesh edge list
Info: Create mesh tangents
Info: Write mesh file : c:\users\konrad\desktop\models\mapa\mesh\mapaGroup_234.mesh
Found node: Group_235
Found mesh node: Group_235
Writing Group_235 mesh binary...
Info: Create Ogre submeshs
Info: create submesh : 0
Info: Create mesh bounding box
Info: Create mesh edge list
Info: Create mesh tangents
Info: Write mesh file : c:\users\konrad\desktop\models\mapa\mesh\mapaGroup_235.mesh
Found node: Group_236
Found mesh node: Group_236
Writing Group_236 mesh binary...
Info: Create Ogre submeshs
Info: create submesh : 0
Info: Create mesh bounding box
Info: Create mesh edge list
Info: Create mesh tangents
Info: Write mesh file : c:\users\konrad\desktop\models\mapa\mesh\mapaGroup_236.mesh
Found node: Group_237
Found mesh node: Group_237
Writing Group_237 mesh binary...
Info: Create Ogre submeshs
Info: create submesh : 0
Info: Create mesh bounding box
Info: Create mesh edge list
Info: Create mesh tangents
Info: Write mesh file : c:\users\konrad\desktop\models\mapa\mesh\mapaGroup_237.mesh
Found node: Group_238
Found mesh node: Group_238
Writing Group_238 mesh binary...
Info: Create Ogre submeshs
Info: create submesh : 0
Info: Create mesh bounding box
Info: Create mesh edge list
Info: Create mesh tangents
Info: Write mesh file : c:\users\konrad\desktop\models\mapa\mesh\mapaGroup_238.mesh
Found node: Group_239
Found mesh node: Group_239
Writing Group_239 mesh binary...
Info: Create Ogre submeshs
Info: create submesh : 0
Info: Create mesh bounding box
Info: Create mesh edge list
Info: Create mesh tangents
Info: Write mesh file : c:\users\konrad\desktop\models\mapa\mesh\mapaGroup_239.mesh
Found node: Group_240
Found mesh node: Group_240
Writing Group_240 mesh binary...
Info: Create Ogre submeshs
Info: create submesh : 0
Info: Create mesh bounding box
Info: Create mesh edge list
Info: Create mesh tangents
Info: Write mesh file : c:\users\konrad\desktop\models\mapa\mesh\mapaGroup_240.mesh
Found node: Group_241
Found mesh node: Group_241
Writing Group_241 mesh binary...
Info: Create Ogre submeshs
Info: create submesh : 0
Info: Create mesh bounding box
Info: Create mesh edge list
Info: Create mesh tangents
Info: Write mesh file : c:\users\konrad\desktop\models\mapa\mesh\mapaGroup_241.mesh
Found node: Group_242
Found mesh node: Group_242
Writing Group_242 mesh binary...
Info: Create Ogre submeshs
Info: create submesh : 0
Info: Create mesh bounding box
Info: Create mesh edge list
Info: Create mesh tangents
Info: Write mesh file : c:\users\konrad\desktop\models\mapa\mesh\mapaGroup_242.mesh
Found node: Group_243
Found mesh node: Group_243
Writing Group_243 mesh binary...
Info: Create Ogre submeshs
Info: create submesh : 0
Info: Create mesh bounding box
Info: Create mesh edge list
Info: Create mesh tangents
Info: Write mesh file : c:\users\konrad\desktop\models\mapa\mesh\mapaGroup_243.mesh
Found node: Group_244
Found mesh node: Group_244
Writing Group_244 mesh binary...
Info: Create Ogre submeshs
Info: create submesh : 0
Info: Create mesh bounding box
Info: Create mesh edge list
Info: Create mesh tangents
Info: Write mesh file : c:\users\konrad\desktop\models\mapa\mesh\mapaGroup_244.mesh
Found node: Group_245
Found mesh node: Group_245
Writing Group_245 mesh binary...
Info: Create Ogre submeshs
Info: create submesh : 0
Info: Create mesh bounding box
Info: Create mesh edge list
Info: Create mesh tangents
Info: Write mesh file : c:\users\konrad\desktop\models\mapa\mesh\mapaGroup_245.mesh
Found node: Group_246
Found mesh node: Group_246
Writing Group_246 mesh binary...
Info: Create Ogre submeshs
Info: create submesh : 0
Info: Create mesh bounding box
Info: Create mesh edge list
Info: Create mesh tangents
Info: Write mesh file : c:\users\konrad\desktop\models\mapa\mesh\mapaGroup_246.mesh
Found node: Group_247
Found mesh node: Group_247
Writing Group_247 mesh binary...
Info: Create Ogre submeshs
Info: create submesh : 0
Info: Create mesh bounding box
Info: Create mesh edge list
Info: Create mesh tangents
Info: Write mesh file : c:\users\konrad\desktop\models\mapa\mesh\mapaGroup_247.mesh
Found node: Group_248
Found mesh node: Group_248
Writing Group_248 mesh binary...
Info: Create Ogre submeshs
Info: create submesh : 0
Info: Create mesh bounding box
Info: Create mesh edge list
Info: Create mesh tangents
Info: Write mesh file : c:\users\konrad\desktop\models\mapa\mesh\mapaGroup_248.mesh
Found node: Group_249
Found mesh node: Group_249
Writing Group_249 mesh binary...
Info: Create Ogre submeshs
Info: create submesh : 0
Info: Create mesh bounding box
Info: Create mesh edge list
Info: Create mesh tangents
Info: Write mesh file : c:\users\konrad\desktop\models\mapa\mesh\mapaGroup_249.mesh
Found node: Group_250
Found mesh node: Group_250
Writing Group_250 mesh binary...
Info: Create Ogre submeshs
Info: create submesh : 0
Info: Create mesh bounding box
Info: Create mesh edge list
Info: Create mesh tangents
Info: Write mesh file : c:\users\konrad\desktop\models\mapa\mesh\mapaGroup_250.mesh
Found node: Group_251
Found mesh node: Group_251
Writing Group_251 mesh binary...
Info: Create Ogre submeshs
Info: create submesh : 0
Info: Create mesh bounding box
Info: Create mesh edge list
Info: Create mesh tangents
Info: Write mesh file : c:\users\konrad\desktop\models\mapa\mesh\mapaGroup_251.mesh
Found node: Group_252
Found mesh node: Group_252
Writing Group_252 mesh binary...
Info: Create Ogre submeshs
Info: create submesh : 0
Info: Create mesh bounding box
Info: Create mesh edge list
Info: Create mesh tangents
Info: Write mesh file : c:\users\konrad\desktop\models\mapa\mesh\mapaGroup_252.mesh
Found node: Group_253
Found mesh node: Group_253
Writing Group_253 mesh binary...
Info: Create Ogre submeshs
Info: create submesh : 0
Info: Create mesh bounding box
Info: Create mesh edge list
Info: Create mesh tangents
Info: Write mesh file : c:\users\konrad\desktop\models\mapa\mesh\mapaGroup_253.mesh
Found node: Group_254
Found mesh node: Group_254
Writing Group_254 mesh binary...
Info: Create Ogre submeshs
Info: create submesh : 0
Info: Create mesh bounding box
Info: Create mesh edge list
Info: Create mesh tangents
Info: Write mesh file : c:\users\konrad\desktop\models\mapa\mesh\mapaGroup_254.mesh
Found node: Group_255
Found mesh node: Group_255
Writing Group_255 mesh binary...
Info: Create Ogre submeshs
Info: create submesh : 0
Info: Create mesh bounding box
Info: Create mesh edge list
Info: Create mesh tangents
Info: Write mesh file : c:\users\konrad\desktop\models\mapa\mesh\mapaGroup_255.mesh
Found node: Group_256
Found mesh node: Group_256
Writing Group_256 mesh binary...
Info: Create Ogre submeshs
Info: create submesh : 0
Info: Create mesh bounding box
Info: Create mesh edge list
Info: Create mesh tangents
Info: Write mesh file : c:\users\konrad\desktop\models\mapa\mesh\mapaGroup_256.mesh
Found node: Group_257
Found mesh node: Group_257
Writing Group_257 mesh binary...
Info: Create Ogre submeshs
Info: create submesh : 0
Info: Create mesh bounding box
Info: Create mesh edge list
Info: Create mesh tangents
Info: Write mesh file : c:\users\konrad\desktop\models\mapa\mesh\mapaGroup_257.mesh
Found node: Group_258
Found mesh node: Group_258
Writing Group_258 mesh binary...
Info: Create Ogre submeshs
Info: create submesh : 0
Info: Create mesh bounding box
Info: Create mesh edge list
Info: Create mesh tangents
Info: Write mesh file : c:\users\konrad\desktop\models\mapa\mesh\mapaGroup_258.mesh
Found node: Group_259
Found mesh node: Group_259
Writing Group_259 mesh binary...
Info: Create Ogre submeshs
Info: create submesh : 0
Info: Create mesh bounding box
Info: Create mesh edge list
Info: Create mesh tangents
Info: Write mesh file : c:\users\konrad\desktop\models\mapa\mesh\mapaGroup_259.mesh
Found node: Group_260
Found mesh node: Group_260
Writing Group_260 mesh binary...
Info: Create Ogre submeshs
Info: create submesh : 0
Info: Create mesh bounding box
Info: Create mesh edge list
Info: Create mesh tangents
Info: Write mesh file : c:\users\konrad\desktop\models\mapa\mesh\mapaGroup_260.mesh
Found node: Group_261
Found mesh node: Group_261
Writing Group_261 mesh binary...
Info: Create Ogre submeshs
Info: create submesh : 0
Info: Create mesh bounding box
Info: Create mesh edge list
Info: Create mesh tangents
Info: Write mesh file : c:\users\konrad\desktop\models\mapa\mesh\mapaGroup_261.mesh
Found node: Group_262
Found mesh node: Group_262
Writing Group_262 mesh binary...
Info: Create Ogre submeshs
Info: create submesh : 0
Info: Create mesh bounding box
Info: Create mesh edge list
Info: Create mesh tangents
Info: Write mesh file : c:\users\konrad\desktop\models\mapa\mesh\mapaGroup_262.mesh
Found node: Group_263
Found mesh node: Group_263
Writing Group_263 mesh binary...
Info: Create Ogre submeshs
Info: create submesh : 0
Info: Create mesh bounding box
Info: Create mesh edge list
Info: Create mesh tangents
Info: Write mesh file : c:\users\konrad\desktop\models\mapa\mesh\mapaGroup_263.mesh
Found node: Group_264
Found mesh node: Group_264
Writing Group_264 mesh binary...
Info: Create Ogre submeshs
Info: create submesh : 0
Info: Create mesh bounding box
Info: Create mesh edge list
Info: Create mesh tangents
Info: Write mesh file : c:\users\konrad\desktop\models\mapa\mesh\mapaGroup_264.mesh
Found node: Group_265
Found mesh node: Group_265
Writing Group_265 mesh binary...
Info: Create Ogre submeshs
Info: create submesh : 0
Info: Create mesh bounding box
Info: Create mesh edge list
Info: Create mesh tangents
Info: Write mesh file : c:\users\konrad\desktop\models\mapa\mesh\mapaGroup_265.mesh
Found node: Group_266
Found mesh node: Group_266
Writing Group_266 mesh binary...
Info: Create Ogre submeshs
Info: create submesh : 0
Info: Create mesh bounding box
Info: Create mesh edge list
Info: Create mesh tangents
Info: Write mesh file : c:\users\konrad\desktop\models\mapa\mesh\mapaGroup_266.mesh
Found node: Group_267
Found mesh node: Group_267
Writing Group_267 mesh binary...
Info: Create Ogre submeshs
Info: create submesh : 0
Info: Create mesh bounding box
Info: Create mesh edge list
Info: Create mesh tangents
Info: Write mesh file : c:\users\konrad\desktop\models\mapa\mesh\mapaGroup_267.mesh
Found node: Group_268
Found mesh node: Group_268
Writing Group_268 mesh binary...
Info: Create Ogre submeshs
Info: create submesh : 0
Info: Create mesh bounding box
Info: Create mesh edge list
Info: Create mesh tangents
Info: Write mesh file : c:\users\konrad\desktop\models\mapa\mesh\mapaGroup_268.mesh
Found node: Group_269
Found mesh node: Group_269
Writing Group_269 mesh binary...
Info: Create Ogre submeshs
Info: create submesh : 0
Info: Create mesh bounding box
Info: Create mesh edge list
Info: Create mesh tangents
Info: Write mesh file : c:\users\konrad\desktop\models\mapa\mesh\mapaGroup_269.mesh
Found node: Group_270
Found mesh node: Group_270
Writing Group_270 mesh binary...
Info: Create Ogre submeshs
Info: create submesh : 0
Info: Create mesh bounding box
Info: Create mesh edge list
Info: Create mesh tangents
Info: Write mesh file : c:\users\konrad\desktop\models\mapa\mesh\mapaGroup_270.mesh
Found node: Group_271
Found mesh node: Group_271
Writing Group_271 mesh binary...
Info: Create Ogre submeshs
Info: create submesh : 0
Info: Create mesh bounding box
Info: Create mesh edge list
Info: Create mesh tangents
Info: Write mesh file : c:\users\konrad\desktop\models\mapa\mesh\mapaGroup_271.mesh
Found node: skpCamera001
Found camera: skpCamera001
Found node: skpCamera001.Target
Writing materials data...
Info: export done.
