16:35:02: Creating resource group General
16:35:02: Creating resource group Internal
16:35:02: Creating resource group Autodetect
16:35:02: SceneManagerFactory for type 'DefaultSceneManager' registered.
16:35:02: Registering ResourceManager for type Material
16:35:02: Registering ResourceManager for type Mesh
16:35:02: Registering ResourceManager for type Skeleton
16:35:02: MovableObjectFactory for type 'ParticleSystem' registered.
16:35:02: OverlayElementFactory for type Panel registered.
16:35:02: OverlayElementFactory for type BorderPanel registered.
16:35:02: OverlayElementFactory for type TextArea registered.
16:35:02: Registering ResourceManager for type Font
16:35:02: ArchiveFactory for archive type FileSystem registered.
16:35:02: ArchiveFactory for archive type Zip registered.
16:35:02: DDS codec registering
16:35:02: FreeImage version: 3.13.1
16:35:02: This program uses FreeImage, a free, open source image library supporting all common bitmap formats. See http://freeimage.sourceforge.net for details
16:35:02: Supported formats: bmp,ico,jpg,jif,jpeg,jpe,jng,koa,iff,lbm,mng,pbm,pbm,pcd,pcx,pgm,pgm,png,ppm,ppm,ras,tga,targa,tif,tiff,wap,wbmp,wbm,psd,cut,xbm,xpm,gif,hdr,g3,sgi,exr,j2k,j2c,jp2,pfm,pct,pict,pic,bay,bmq,cr2,crw,cs1,dc2,dcr,dng,erf,fff,hdr,k25,kdc,mdc,mos,mrw,nef,orf,pef,pxn,raf,raw,rdc,sr2,srf,arw,3fr,cine,ia,kc2,mef,nrw,qtk,rw2,sti,drf,dsc,ptx,cap,iiq,rwz
16:35:02: PVRTC codec registering
16:35:02: Registering ResourceManager for type HighLevelGpuProgram
16:35:02: Registering ResourceManager for type Compositor
16:35:02: MovableObjectFactory for type 'Entity' registered.
16:35:02: MovableObjectFactory for type 'Light' registered.
16:35:02: MovableObjectFactory for type 'BillboardSet' registered.
16:35:02: MovableObjectFactory for type 'ManualObject' registered.
16:35:02: MovableObjectFactory for type 'BillboardChain' registered.
16:35:02: MovableObjectFactory for type 'RibbonTrail' registered.
16:35:02: Loading library .\RenderSystem_Direct3D9
16:35:02: Installing plugin: D3D9 RenderSystem
16:35:02: D3D9 : Direct3D9 Rendering Subsystem created.
16:35:02: D3D9: Driver Detection Starts
16:35:02: D3D9: Driver Detection Ends
16:35:02: Plugin successfully installed
16:35:02: Loading library .\RenderSystem_GL
16:35:02: Installing plugin: GL RenderSystem
16:35:02: OpenGL Rendering Subsystem created.
16:35:02: Plugin successfully installed
16:35:02: Loading library .\Plugin_ParticleFX
16:35:02: Installing plugin: ParticleFX
16:35:02: Particle Emitter Type 'Point' registered
16:35:02: Particle Emitter Type 'Box' registered
16:35:02: Particle Emitter Type 'Ellipsoid' registered
16:35:02: Particle Emitter Type 'Cylinder' registered
16:35:02: Particle Emitter Type 'Ring' registered
16:35:02: Particle Emitter Type 'HollowEllipsoid' registered
16:35:02: Particle Affector Type 'LinearForce' registered
16:35:02: Particle Affector Type 'ColourFader' registered
16:35:02: Particle Affector Type 'ColourFader2' registered
16:35:02: Particle Affector Type 'ColourImage' registered
16:35:02: Particle Affector Type 'ColourInterpolator' registered
16:35:02: Particle Affector Type 'Scaler' registered
16:35:02: Particle Affector Type 'Rotator' registered
16:35:02: Particle Affector Type 'DirectionRandomiser' registered
16:35:02: Particle Affector Type 'DeflectorPlane' registered
16:35:02: Plugin successfully installed
16:35:02: Loading library .\Plugin_BSPSceneManager
16:35:02: Installing plugin: BSP Scene Manager
16:35:02: Plugin successfully installed
16:35:02: Loading library .\Plugin_OctreeSceneManager
16:35:02: Installing plugin: Octree & Terrain Scene Manager
16:35:02: Plugin successfully installed
16:35:02: Loading library .\Plugin_CgProgramManager
16:35:02: Installing plugin: Cg Program Manager
16:35:02: Plugin successfully installed
16:35:02: *-*-* OGRE Initialising
16:35:02: *-*-* Version 1.7.1 (Cthugha)
16:35:02: Creating resource group Bootstrap
16:35:02: Added resource location '../../Media/packs/OgreCore.zip' of type 'Zip' to resource group 'Bootstrap'
16:35:02: Added resource location '../../Media' of type 'FileSystem' to resource group 'General'
16:35:02: Added resource location '../../Media/fonts' of type 'FileSystem' to resource group 'General'
16:35:02: Added resource location '../../Media/materials/programs' of type 'FileSystem' to resource group 'General'
16:35:02: Added resource location '../../Media/materials/scripts' of type 'FileSystem' to resource group 'General'
16:35:02: Added resource location '../../Media/materials/textures' of type 'FileSystem' to resource group 'General'
16:35:02: Added resource location '../../Media/models' of type 'FileSystem' to resource group 'General'
16:35:02: Added resource location '../../Media/overlays' of type 'FileSystem' to resource group 'General'
16:35:02: Added resource location '../../Media/particle' of type 'FileSystem' to resource group 'General'
16:35:02: Added resource location '../../Media/gui' of type 'FileSystem' to resource group 'General'
16:35:02: Added resource location '../../Media/DeferredShadingMedia' of type 'FileSystem' to resource group 'General'
16:35:02: Added resource location '../../Media/packs/cubemap.zip' of type 'Zip' to resource group 'General'
16:35:02: Added resource location '../../Media/packs/cubemapsJS.zip' of type 'Zip' to resource group 'General'
16:35:02: Added resource location '../../Media/packs/dragon.zip' of type 'Zip' to resource group 'General'
16:35:02: Added resource location '../../Media/packs/fresneldemo.zip' of type 'Zip' to resource group 'General'
16:35:02: Added resource location '../../Media/packs/ogretestmap.zip' of type 'Zip' to resource group 'General'
16:35:02: Added resource location '../../Media/packs/skybox.zip' of type 'Zip' to resource group 'General'
16:35:02: D3D9 : RenderSystem Option: Allow NVPerfHUD = No
16:35:02: D3D9 : RenderSystem Option: FSAA = 0
16:35:02: D3D9 : RenderSystem Option: Floating-point mode = Fastest
16:35:02: D3D9 : RenderSystem Option: Full Screen = Yes
16:35:02: D3D9 : RenderSystem Option: Rendering Device = Monitor-1-ATI Mobility Radeon HD 4670
16:35:02: D3D9 : RenderSystem Option: Resource Creation Policy = Create on all devices
16:35:02: D3D9 : RenderSystem Option: VSync = No
16:35:02: D3D9 : RenderSystem Option: VSync Interval = 1
16:35:02: D3D9 : RenderSystem Option: Video Mode = 800 x 600 @ 32-bit colour
16:35:02: D3D9 : RenderSystem Option: sRGB Gamma Conversion = No
16:35:04: CPU Identifier & Features
16:35:04: -------------------------
16:35:04:  *   CPU ID: GenuineIntel: Intel(R) Core(TM)2 Duo CPU     T6600  @ 2.20GHz
16:35:04:  *      SSE: yes
16:35:04:  *     SSE2: yes
16:35:04:  *     SSE3: yes
16:35:04:  *      MMX: yes
16:35:04:  *   MMXEXT: yes
16:35:04:  *    3DNOW: no
16:35:04:  * 3DNOWEXT: no
16:35:04:  *     CMOV: yes
16:35:04:  *      TSC: yes
16:35:04:  *      FPU: yes
16:35:04:  *      PRO: yes
16:35:04:  *       HT: no
16:35:04: -------------------------
16:35:04: *** Starting Win32GL Subsystem ***
16:35:04: GLRenderSystem::_createRenderWindow "OGRE Render Window", 1024x768 fullscreen  miscParams: FSAA=0 FSAAHint= colourDepth=32 displayFrequency=60 gamma=false vsync=false vsyncInterval=1 
16:35:06: Created Win32Window 'OGRE Render Window' : 1024x768, 32bpp
16:35:06: GL_VERSION = 2.1.8784 FireGL
16:35:06: GL_VENDOR = ATI Technologies Inc.
16:35:06: GL_RENDERER = ATI Mobility Radeon HD 4670
16:35:07: GL_EXTENSIONS = GL_AMDX_vertex_shader_tessellator GL_AMD_draw_buffers_blend GL_AMD_performance_monitor GL_AMD_texture_texture4 GL_ARB_color_buffer_float GL_ARB_copy_buffer GL_ARB_depth_buffer_float GL_ARB_depth_texture GL_ARB_draw_buffers GL_ARB_draw_instanced GL_ARB_fragment_program GL_ARB_fragment_program_shadow GL_ARB_fragment_shader GL_ARB_framebuffer_object GL_ARB_framebuffer_sRGB GL_ARB_half_float_pixel GL_ARB_half_float_vertex GL_ARB_instanced_arrays GL_ARB_map_buffer_range GL_ARB_multisample GL_ARB_multitexture GL_ARB_occlusion_query GL_ARB_pixel_buffer_object GL_ARB_point_parameters GL_ARB_point_sprite GL_ARB_shader_objects GL_ARB_shader_texture_lod GL_ARB_shading_language_100 GL_ARB_shadow GL_ARB_shadow_ambient GL_ARB_texture_border_clamp GL_ARB_texture_buffer_object GL_ARB_texture_compression GL_ARB_texture_compression_rgtc GL_ARB_texture_cube_map GL_ARB_texture_env_add GL_ARB_texture_env_combine GL_ARB_texture_env_crossbar GL_ARB_texture_env_dot3 GL_ARB_texture_float GL_ARB_texture_mirrored_repeat GL_ARB_texture_non_power_of_two GL_ARB_texture_rectangle GL_ARB_texture_rg GL_ARB_texture_snorm GL_ARB_transpose_matrix GL_ARB_vertex_array_object GL_ARB_vertex_buffer_object GL_ARB_vertex_program GL_ARB_vertex_shader GL_ARB_window_pos GL_ATI_draw_buffers GL_ATI_envmap_bumpmap GL_ATI_fragment_shader GL_ATI_meminfo GL_ATI_separate_stencil GL_ATI_texture_compression_3dc GL_ATI_texture_env_combine3 GL_ATI_texture_float GL_ATI_texture_mirror_once GL_EXT_abgr GL_EXT_bgra GL_EXT_bindable_uniform GL_EXT_blend_color GL_EXT_blend_equation_separate GL_EXT_blend_func_separate GL_EXT_blend_minmax GL_EXT_blend_subtract GL_EXT_compiled_vertex_array GL_EXT_copy_buffer GL_EXT_copy_texture GL_EXT_draw_buffers2 GL_EXT_draw_instanced GL_EXT_draw_range_elements GL_EXT_fog_coord GL_EXT_framebuffer_blit GL_EXT_framebuffer_multisample GL_EXT_framebuffer_object GL_EXT_framebuffer_sRGB GL_EXT_gpu_program_parameters GL_EXT_gpu_shader4 GL_EXT_multi_draw_arrays GL_EXT_packed_depth_stencil GL_EXT_packed_float GL_EXT_packed_pixels GL_EXT_pixel_buffer_object GL_EXT_point_parameters GL_EXT_provoking_vertex GL_EXT_rescale_normal GL_EXT_secondary_color GL_EXT_separate_specular_color GL_EXT_shadow_funcs GL_EXT_stencil_wrap GL_EXT_subtexture GL_EXT_texgen_reflection GL_EXT_texture3D GL_EXT_texture_array GL_EXT_texture_buffer_object GL_EXT_texture_compression_latc GL_EXT_texture_compression_rgtc GL_EXT_texture_compression_s3tc GL_EXT_texture_cube_map GL_EXT_texture_edge_clamp GL_EXT_texture_env_add GL_EXT_texture_env_combine GL_EXT_texture_env_dot3 GL_EXT_texture_filter_anisotropic GL_EXT_texture_integer GL_EXT_texture_lod GL_EXT_texture_lod_bias GL_EXT_texture_mirror_clamp GL_EXT_texture_object GL_EXT_texture_rectangle GL_EXT_texture_sRGB GL_EXT_texture_shared_exponent GL_EXT_texture_snorm GL_EXT_texture_swizzle GL_EXT_transform_feedback GL_EXT_vertex_array GL_EXT_vertex_array_bgra GL_IBM_texture_mirrored_repeat GL_KTX_buffer_region GL_NV_blend_square GL_NV_conditional_render GL_NV_copy_depth_to_color GL_NV_primitive_restart GL_NV_texgen_reflection GL_SGIS_generate_mipmap GL_SGIS_texture_edge_clamp GL_SGIS_texture_lod GL_SUN_multi_draw_arrays GL_WIN_swap_hint WGL_EXT_swap_control
16:35:07: Supported WGL extensions: WGL_ARB_extensions_string WGL_ARB_pixel_format WGL_ATI_pixel_format_float WGL_ARB_pixel_format_float WGL_ARB_multisample WGL_EXT_swap_control WGL_ARB_pbuffer WGL_ARB_render_texture WGL_ARB_make_current_read WGL_EXT_extensions_string WGL_ARB_buffer_region WGL_EXT_framebuffer_sRGB WGL_ATI_render_texture_rectangle WGL_EXT_pixel_format_packed_float WGL_I3D_genlock WGL_NV_swap_group WGL_ARB_create_context WGL_AMD_gpu_association WGL_AMDX_gpu_association 
16:35:07: ***************************
16:35:07: *** GL Renderer Started ***
16:35:07: ***************************
16:35:07: Registering ResourceManager for type GpuProgram
16:35:07: GLSL support detected
16:35:07: GL: Using GL_EXT_framebuffer_object for rendering to textures (best)
16:35:07: FBO PF_UNKNOWN depth/stencil support: D0S1 D0S4 D0S8 D0S16 D16S0 D24S0 D32S0 Packed-D24S8 
16:35:07: FBO PF_L8 depth/stencil support: D0S0 D0S1 D0S4 D0S8 D0S16 D16S0 D24S0 D32S0 Packed-D24S8 
16:35:07: FBO PF_L16 depth/stencil support: D0S0 D0S1 D0S4 D0S8 D0S16 D16S0 D24S0 D32S0 Packed-D24S8 
16:35:07: FBO PF_A8 depth/stencil support: D0S0 D0S1 D0S4 D0S8 D0S16 D16S0 D24S0 D32S0 Packed-D24S8 
16:35:07: FBO PF_A4L4 depth/stencil support: D0S0 D0S1 D0S4 D0S8 D0S16 D16S0 D24S0 D32S0 Packed-D24S8 
16:35:07: FBO PF_BYTE_LA depth/stencil support: D0S0 D0S1 D0S4 D0S8 D0S16 D16S0 D24S0 D32S0 Packed-D24S8 
16:35:07: FBO PF_R5G6B5 depth/stencil support: D0S0 D0S1 D0S4 D0S8 D0S16 D16S0 D24S0 D32S0 Packed-D24S8 
16:35:08: FBO PF_B5G6R5 depth/stencil support: D0S0 D0S1 D0S4 D0S8 D0S16 D16S0 D24S0 D32S0 Packed-D24S8 
16:35:08: FBO PF_A4R4G4B4 depth/stencil support: D0S0 D0S1 D0S4 D0S8 D0S16 D16S0 D24S0 D32S0 Packed-D24S8 
16:35:08: FBO PF_A1R5G5B5 depth/stencil support: D0S0 D0S1 D0S4 D0S8 D0S16 D16S0 D24S0 D32S0 Packed-D24S8 
16:35:08: FBO PF_R8G8B8 depth/stencil support: D0S0 D0S1 D0S4 D0S8 D0S16 D16S0 D24S0 D32S0 Packed-D24S8 
16:35:08: FBO PF_B8G8R8 depth/stencil support: D0S0 D0S1 D0S4 D0S8 D0S16 D16S0 D24S0 D32S0 Packed-D24S8 
16:35:08: FBO PF_A8R8G8B8 depth/stencil support: D0S0 D0S1 D0S4 D0S8 D0S16 D16S0 D24S0 D32S0 Packed-D24S8 
16:35:08: FBO PF_B8G8R8A8 depth/stencil support: D0S0 D0S1 D0S4 D0S8 D0S16 D16S0 D24S0 D32S0 Packed-D24S8 
16:35:08: FBO PF_A2R10G10B10 depth/stencil support: D0S0 D0S1 D0S4 D0S8 D0S16 D16S0 D24S0 D32S0 Packed-D24S8 
16:35:08: FBO PF_A2B10G10R10 depth/stencil support: D0S0 D0S1 D0S4 D0S8 D0S16 D16S0 D24S0 D32S0 Packed-D24S8 
16:35:08: FBO PF_FLOAT16_RGB depth/stencil support: D0S0 D0S1 D0S4 D0S8 D0S16 D16S0 D24S0 D32S0 Packed-D24S8 
16:35:08: FBO PF_FLOAT16_RGBA depth/stencil support: D0S0 D0S1 D0S4 D0S8 D0S16 D16S0 D24S0 D32S0 Packed-D24S8 
16:35:08: FBO PF_FLOAT32_RGB depth/stencil support: D0S0 D0S1 D0S4 D0S8 D0S16 D16S0 D24S0 D32S0 Packed-D24S8 
16:35:08: FBO PF_FLOAT32_RGBA depth/stencil support: D0S0 D0S1 D0S4 D0S8 D0S16 D16S0 D24S0 D32S0 Packed-D24S8 
16:35:08: FBO PF_X8R8G8B8 depth/stencil support: D0S0 D0S1 D0S4 D0S8 D0S16 D16S0 D24S0 D32S0 Packed-D24S8 
16:35:08: FBO PF_X8B8G8R8 depth/stencil support: D0S0 D0S1 D0S4 D0S8 D0S16 D16S0 D24S0 D32S0 Packed-D24S8 
16:35:08: FBO PF_SHORT_RGBA depth/stencil support: D0S0 D0S1 D0S4 D0S8 D0S16 D16S0 D24S0 D32S0 Packed-D24S8 
16:35:08: FBO PF_R3G3B2 depth/stencil support: D0S0 D0S1 D0S4 D0S8 D0S16 D16S0 D24S0 D32S0 Packed-D24S8 
16:35:08: FBO PF_FLOAT16_R depth/stencil support: D0S0 D0S1 D0S4 D0S8 D0S16 D16S0 D24S0 D32S0 Packed-D24S8 
16:35:08: FBO PF_FLOAT32_R depth/stencil support: D0S0 D0S1 D0S4 D0S8 D0S16 D16S0 D24S0 D32S0 Packed-D24S8 
16:35:08: FBO PF_SHORT_GR depth/stencil support: D0S0 D0S1 D0S4 D0S8 D0S16 D16S0 D24S0 D32S0 Packed-D24S8 
16:35:08: FBO PF_FLOAT16_GR depth/stencil support: D0S0 D0S1 D0S4 D0S8 D0S16 D16S0 D24S0 D32S0 Packed-D24S8 
16:35:08: FBO PF_FLOAT32_GR depth/stencil support: D0S0 D0S1 D0S4 D0S8 D0S16 D16S0 D24S0 D32S0 Packed-D24S8 
16:35:08: FBO PF_SHORT_RGB depth/stencil support: D0S0 D0S1 D0S4 D0S8 D0S16 D16S0 D24S0 D32S0 Packed-D24S8 
16:35:08: [GL] : Valid FBO targets PF_UNKNOWN PF_L8 PF_L16 PF_A8 PF_A4L4 PF_BYTE_LA PF_R5G6B5 PF_B5G6R5 PF_A4R4G4B4 PF_A1R5G5B5 PF_R8G8B8 PF_B8G8R8 PF_A8R8G8B8 PF_B8G8R8A8 PF_A2R10G10B10 PF_A2B10G10R10 PF_FLOAT16_RGB PF_FLOAT16_RGBA PF_FLOAT32_RGB PF_FLOAT32_RGBA PF_X8R8G8B8 PF_X8B8G8R8 PF_SHORT_RGBA PF_R3G3B2 PF_FLOAT16_R PF_FLOAT32_R PF_SHORT_GR PF_FLOAT16_GR PF_FLOAT32_GR PF_SHORT_RGB 
16:35:08: RenderSystem capabilities
16:35:08: -------------------------
16:35:08: RenderSystem Name: OpenGL Rendering Subsystem
16:35:08: GPU Vendor: ati
16:35:08: Device Name: ATI Mobility Radeon HD 4670
16:35:08: Driver Version: 2.1.8784.0
16:35:08:  * Fixed function pipeline: yes
16:35:08:  * Hardware generation of mipmaps: yes
16:35:08:  * Texture blending: yes
16:35:08:  * Anisotropic texture filtering: yes
16:35:08:  * Dot product texture operation: yes
16:35:08:  * Cube mapping: yes
16:35:08:  * Hardware stencil buffer: yes
16:35:08:    - Stencil depth: 8
16:35:08:    - Two sided stencil support: yes
16:35:08:    - Wrap stencil values: yes
16:35:08:  * Hardware vertex / index buffers: yes
16:35:08:  * Vertex programs: yes
16:35:08:  * Number of floating-point constants for vertex programs: 512
16:35:08:  * Number of integer constants for vertex programs: 0
16:35:08:  * Number of boolean constants for vertex programs: 0
16:35:08:  * Fragment programs: yes
16:35:08:  * Number of floating-point constants for fragment programs: 512
16:35:08:  * Number of integer constants for fragment programs: 0
16:35:08:  * Number of boolean constants for fragment programs: 0
16:35:08:  * Geometry programs: no
16:35:08:  * Number of floating-point constants for geometry programs: 0
16:35:08:  * Number of integer constants for geometry programs: 0
16:35:08:  * Number of boolean constants for geometry programs: 0
16:35:08:  * Supported Shader Profiles: arbfp1 arbvp1 glsl ps_1_1 ps_1_2 ps_1_3 ps_1_4
16:35:08:  * Texture Compression: yes
16:35:08:    - DXT: yes
16:35:08:    - VTC: no
16:35:08:    - PVRTC: no
16:35:08:  * Scissor Rectangle: yes
16:35:08:  * Hardware Occlusion Query: yes
16:35:08:  * User clip planes: yes
16:35:08:  * VET_UBYTE4 vertex element type: yes
16:35:08:  * Infinite far plane projection: yes
16:35:08:  * Hardware render-to-texture: yes
16:35:08:  * Floating point textures: yes
16:35:08:  * Non-power-of-two textures: yes
16:35:08:  * Volume textures: yes
16:35:08:  * Multiple Render Targets: 8
16:35:08:    - With different bit depths: yes
16:35:08:  * Point Sprites: yes
16:35:08:  * Extended point parameters: yes
16:35:08:  * Max Point Size: 8192
16:35:08:  * Vertex texture fetch: yes
16:35:08:  * Number of world matrices: 0
16:35:08:  * Number of texture units: 16
16:35:08:  * Stencil buffer depth: 8
16:35:08:  * Number of vertex blend matrices: 0
16:35:08:    - Max vertex textures: 16
16:35:08:    - Vertex textures shared: yes
16:35:08:  * Render to Vertex Buffer : no
16:35:08:  * GL 1.5 without VBO workaround: no
16:35:08:  * Frame Buffer objects: yes
16:35:08:  * Frame Buffer objects (ARB extension): no
16:35:08:  * Frame Buffer objects (ATI extension): no
16:35:08:  * PBuffer support: no
16:35:08:  * GL 1.5 without HW-occlusion workaround: no
16:35:08: Registering ResourceManager for type Texture
16:35:08: DefaultWorkQueue('Root') initialising on thread main.
16:35:08: Particle Renderer Type 'billboard' registered
16:35:08: SceneManagerFactory for type 'BspSceneManager' registered.
16:35:08: Registering ResourceManager for type BspLevel
16:35:08: SceneManagerFactory for type 'OctreeSceneManager' registered.
16:35:08: SceneManagerFactory for type 'TerrainSceneManager' registered.
16:35:08: Parsing scripts for resource group Autodetect
16:35:08: Finished parsing scripts for resource group Autodetect
16:35:08: Parsing scripts for resource group Bootstrap
16:35:08: Parsing script OgreCore.material
16:35:08: Parsing script OgreProfiler.material
16:35:08: Parsing script Ogre.fontdef
16:35:08: Parsing script OgreDebugPanel.overlay
16:35:08: Texture: New_Ogre_Border_Center.png: Loading 1 faces(PF_A8R8G8B8,256x128x1) with 5 hardware generated mipmaps from Image. Internal format is PF_A8R8G8B8,256x128x1.
16:35:08: Texture: New_Ogre_Border.png: Loading 1 faces(PF_A8R8G8B8,256x256x1) with 5 hardware generated mipmaps from Image. Internal format is PF_A8R8G8B8,256x256x1.
16:35:08: Texture: New_Ogre_Border_Break.png: Loading 1 faces(PF_A8R8G8B8,32x32x1) with 5 hardware generated mipmaps from Image. Internal format is PF_A8R8G8B8,32x32x1.
16:35:08: Texture: ogretext.png: Loading 1 faces(PF_A8R8G8B8,256x128x1) with 5 hardware generated mipmaps from Image. Internal format is PF_A8R8G8B8,256x128x1.
16:35:08: Parsing script OgreLoadingPanel.overlay
16:35:08: Finished parsing scripts for resource group Bootstrap
16:35:08: Parsing scripts for resource group General
16:35:08: Parsing script Examples.program
16:35:08: GLSL compiled : Ogre/BasicVertexPrograms/AmbientOneTextureGLSLVertex shader was successfully compiled to run on hardware.

16:35:08: GLSL compiled : Ogre/HardwareSkinningTwoWeightsGLSLVertex shader was successfully compiled to run on hardware.

16:35:08: Parsing script StdQuad_vp.program
16:35:08: Parsing script deferred.glsl.program
16:35:08: GLSL compiled : DeferredShading/material/glsl/psFragment shader was successfully compiled to run on hardware.
16:35:08: GLSL compiled : DeferredShading/material/glsl/notex_psFragment shader was successfully compiled to run on hardware.
16:35:08: GLSL compiled : DeferredShading/material/glsl/nm_psFragment shader was successfully compiled to run on hardware.
16:35:08: GLSL compiled : DeferredShading/material/glsl/nm_notex_psFragment shader was successfully compiled to run on hardware.
16:35:08: Parsing script deferred.hlsl.program
16:35:08: Parsing script deferred_post_debug.glsl.program
16:35:08: GLSL compiled : DeferredShading/post/glsl/ShowNormal_psFragment shader was successfully compiled to run on hardware.
16:35:08: GLSL compiled : DeferredShading/post/glsl/ShowDS_psFragment shader was successfully compiled to run on hardware.
16:35:08: GLSL compiled : DeferredShading/post/glsl/ShowColour_psFragment shader was successfully compiled to run on hardware.
16:35:08: Parsing script deferred_post_debug.hlsl.program
16:35:09: Parsing script deferred_post_minilight.glsl.program
16:35:09: GLSL compiled : DeferredShading/post/glsl/LightMaterial_vsVertex shader was successfully compiled to run on hardware.

16:35:09: GLSL compiled : DeferredShading/post/glsl/LightMaterial_psFragment shader was successfully compiled to run on hardware.
16:35:09: Parsing script deferred_post_minilight.hlsl.program
16:35:09: Parsing script deferred_post_multipass.glsl.program
16:35:09: GLSL compiled : DeferredShading/post/glsl/Ambient_psFragment shader was successfully compiled to run on hardware.
16:35:09: GLSL compiled : DeferredShading/post/glsl/GlobalLight_psFragment shader was successfully compiled to run on hardware.
16:35:09: Parsing script deferred_post_multipass.hlsl.program
16:35:09: Parsing script deferred_post_onepass.glsl.program
16:35:09: GLSL compiled : DeferredShading/post/glsl/vsVertex shader was successfully compiled to run on hardware.

16:35:09: GLSL compiled : DeferredShading/post/glsl/SinglePass_psFragment shader was successfully compiled to run on hardware.
16:35:09: Parsing script deferred_post_onepass.hlsl.program
16:35:09: Parsing script BlackAndWhite.material
16:35:09: Parsing script Bloom.material
16:35:09: GLSL compiled : Blur_ps_glslFragment shader was successfully compiled to run on hardware.
16:35:09: GLSL compiled : Blur0_vs_glslVertex shader was successfully compiled to run on hardware.

16:35:09: GLSL compiled : Blur1_vs_glslVertex shader was successfully compiled to run on hardware.

16:35:09: Parsing script DepthShadowmap.material
16:35:09: GLSL compiled : Ogre/DepthShadowmap/CasterVP_GLSLVertex shader was successfully compiled to run on hardware.

16:35:09: GLSL compiled : Ogre/DepthShadowmap/CasterFP_GLSLFragment shader was successfully compiled to run on hardware.
16:35:09: GLSL compiled : Ogre/DepthShadowmap/ReceiverVP_GLSLVertex shader was successfully compiled to run on hardware.

16:35:09: GLSL compiled : Ogre/DepthShadowmap/ReceiverFP_GLSLFragment shader was successfully compiled to run on hardware.
16:35:09: GLSL compiled : Ogre/DepthShadowmap/ReceiverFPPCF_GLSLFragment shader was successfully compiled to run on hardware.
16:35:09: GLSL compiled : Ogre/DepthShadowmap/NormalMapReceiverVP_GLSLVertex shader was successfully compiled to run on hardware.

16:35:09: GLSL compiled : Ogre/DepthShadowmap/NormalMapReceiverFP_GLSLFragment shader was successfully compiled to run on hardware.
16:35:09: GLSL compiled : Ogre/DepthShadowmap/NormalMapReceiverFPPCF_GLSLFragment shader was successfully compiled to run on hardware.
16:35:09: Parsing script DOF.material
16:35:09: Compiler error: object name expected in DOF.material(55)
16:35:09: Parsing script Embossed.material
16:35:09: Parsing script Example-DynTex.material
16:35:09: Parsing script Example-Water.material
16:35:09: Parsing script Example.material
16:35:09: OGRE EXCEPTION(6:FileNotFoundException): Cannot locate resource skinningTwoWeightsShadowCasterVp.glsl in resource group General or any other group. in ResourceGroupManager::openResource at ..\..\ogre\OgreMain\src\OgreResourceGroupManager.cpp (line 753)
16:35:09: High-level program Ogre/HardwareSkinningTwoWeightsShadowCasterGLSL encountered an error during loading and is thus not supported.
OGRE EXCEPTION(6:FileNotFoundException): Cannot locate resource skinningTwoWeightsShadowCasterVp.glsl in resource group General or any other group. in ResourceGroupManager::openResource at ..\..\ogre\OgreMain\src\OgreResourceGroupManager.cpp (line 753)
16:35:09: OGRE EXCEPTION(2:InvalidParametersException): Named constants have not been initialised, perhaps a compile error. in GpuProgramParameters::_findNamedConstantDefinition at ..\..\ogre\OgreMain\src\OgreGpuProgramParams.cpp (line 1423)
16:35:09: Compiler error: invalid parameters in Example.material(994): setting of constant failed
16:35:09: OGRE EXCEPTION(2:InvalidParametersException): Named constants have not been initialised, perhaps a compile error. in GpuProgramParameters::_findNamedConstantDefinition at ..\..\ogre\OgreMain\src\OgreGpuProgramParams.cpp (line 1423)
16:35:09: Compiler error: invalid parameters in Example.material(995): setting of constant failed
16:35:09: OGRE EXCEPTION(2:InvalidParametersException): Named constants have not been initialised, perhaps a compile error. in GpuProgramParameters::_findNamedConstantDefinition at ..\..\ogre\OgreMain\src\OgreGpuProgramParams.cpp (line 1423)
16:35:09: Compiler error: invalid parameters in Example.material(996): setting of constant failed
16:35:09: Parsing script Examples-Advanced.material
16:35:09: Compiler error: number expected in Examples-Advanced.material(679): incorrect float constant declaration
16:35:09: Parsing script facial.material
16:35:09: Parsing script Glass.material
16:35:09: Parsing script hdr.material
16:35:09: GLSL compiled : Ogre/Compositor/HDR/downscale2x2LuminenceGLSL_fpFragment shader was successfully compiled to run on hardware.
16:35:09: GLSL compiled : Ogre/Compositor/StdQuad_GLSL_vpVertex shader was successfully compiled to run on hardware.

16:35:09: GLSL compiled : Ogre/Compositor/HDR/downscale3x3GLSL_fpFragment shader was successfully compiled to run on hardware.
16:35:09: GLSL compiled : Ogre/Compositor/HDR/utils_fpFragment shader was successfully compiled to run on hardware.
16:35:09: GLSL compiled : Ogre/Compositor/HDR/downscale3x3brightpassGLSL_fpFragment shader was successfully compiled to run on hardware.
16:35:09: GLSL compiled : Ogre/Compositor/HDR/bloomGLSL_fpFragment shader was successfully compiled to run on hardware.
16:35:09: GLSL compiled : Ogre/Compositor/HDR/utils_fpFragment shader was successfully compiled to run on hardware.
16:35:09: GLSL compiled : Ogre/Compositor/HDR/finaltonemappingGLSL_fpFragment shader was successfully compiled to run on hardware.
16:35:09: Parsing script HeatVision.material
16:35:09: Parsing script Hurt.material
16:35:09: Parsing script instancing.material
16:35:09: GLSL compiled : InstancingGLSLVertex shader was successfully compiled to run on hardware.

16:35:09: GLSL compiled : InstancingShadowCasterGLSLVertex shader was successfully compiled to run on hardware.

16:35:09: GLSL compiled : CrowdGLSLVertex shader was successfully compiled to run on hardware.

16:35:09: GLSL compiled : CrowdShadowCasterGLSLVertex shader was successfully compiled to run on hardware.

16:35:09: Parsing script Invert.material
16:35:09: Parsing script Laplace.material
16:35:09: Parsing script MotionBlur.material
16:35:09: Parsing script Ocean.material
16:35:09: GLSL compiled : GLSL/OceanVSVertex shader was successfully compiled to run on hardware.

16:35:09: GLSL compiled : GLSL/OceanFSFragment shader was successfully compiled to run on hardware.
16:35:09: GLSL compiled : GLSL/Ocean2VSVertex shader was successfully compiled to run on hardware.

16:35:09: GLSL compiled : GLSL/Ocean2FSFragment shader was successfully compiled to run on hardware.
16:35:09: Parsing script OffsetMapping.material
16:35:09: GLSL compiled : Examples/OffsetMappingIntegratedShadowsFPglslFragment shader was successfully compiled to run on hardware.
16:35:09: GLSL compiled : Examples/OffsetMappingIntegratedShadowsVPglslVertex shader was successfully compiled to run on hardware.

16:35:09: Parsing script Ogre.material
16:35:09: Parsing script OgreNewt_Example.material
16:35:09: Parsing script OldMovie.material
16:35:09: Parsing script OldTV.material
16:35:09: Parsing script Posterize.material
16:35:09: Parsing script RZR-002.material
16:35:09: Parsing script SharpenEdges.material
16:35:09: Parsing script smoke.material
16:35:09: Parsing script Tiling.material
16:35:09: Parsing script VarianceShadowmap.material
16:35:09: Parsing script deferred.material
16:35:09: GLSL compiled : DeferredShading/material/glsl/vsVertex shader was successfully compiled to run on hardware.

16:35:09: GLSL compiled : DeferredShading/material/glsl/nm_vsVertex shader was successfully compiled to run on hardware.

16:35:09: Parsing script deferreddemo.material
16:35:09: Compiler error: unknown error in deferreddemo.material(22): base object named "DeferredShading/Material/TexturedPhong" not found in script definition
16:35:09: Compiler error: unknown error in deferreddemo.material(47): base object named "DeferredShading/Material/TexturedNormalMapped" not found in script definition
16:35:09: Compiler error: unknown error in deferreddemo.material(81): base object named "DeferredShading/Material/UntexturedNormalMapped" not found in script definition
16:35:09: Compiler error: unknown error in deferreddemo.material(114): base object named "DeferredShading/Material/TexturedPhong" not found in script definition
16:35:09: Compiler error: unknown error in deferreddemo.material(141): base object named "DeferredShading/Material/UntexturedPhong" not found in script definition
16:35:09: Compiler error: unknown error in deferreddemo.material(166): base object named "DeferredShading/Material/TexturedPhong" not found in script definition
16:35:09: Compiler error: unknown error in deferreddemo.material(197): base object named "DeferredShading/Material/TexturedPhong" not found in script definition
16:35:09: Compiler error: object name expected in deferreddemo.material(91)
16:35:09: Compiler error: object name expected in deferreddemo.material(105)
16:35:09: Compiler error: object name expected in deferreddemo.material(147)
16:35:09: Compiler error: object name expected in deferreddemo.material(158)
16:35:09: Compiler error: object name expected in deferreddemo.material(172)
16:35:09: Compiler error: object name expected in deferreddemo.material(186)
16:35:09: Compiler error: object name expected in deferreddemo.material(203)
16:35:09: Compiler error: object name expected in deferreddemo.material(217)
16:35:09: Parsing script deferred_post_debug.material
16:35:09: Parsing script deferred_post_minilight.material
16:35:09: Parsing script deferred_post_multipass.material
16:35:09: Parsing script deferred_post_onepass.material
16:35:09: Parsing script RomanBath.material
16:35:09: Parsing script emitted_emitter.particle
16:35:09: Parsing script Example-Water.particle
16:35:09: Parsing script Example.particle
16:35:09: Parsing script smoke.particle
16:35:09: Parsing script Examples.compositor
16:35:09: Parsing script sample.fontdef
16:35:09: Parsing script Compositor.overlay
16:35:09: Parsing script DP3.overlay
16:35:09: Parsing script Example-CubeMapping.overlay
16:35:10: Parsing script Example-DynTex.overlay
16:35:10: Parsing script Example-Water.overlay
16:35:10: Parsing script Shadows.overlay
16:35:10: Finished parsing scripts for resource group General
16:35:10: Parsing scripts for resource group Internal
16:35:10: Finished parsing scripts for resource group Internal
16:35:10: Texture: BumpyMetal.jpg: Loading 1 faces(PF_R8G8B8,512x512x1) with 5 hardware generated mipmaps from Image. Internal format is PF_X8R8G8B8,512x512x1.
16:35:10: Mesh: Loading knot.mesh.
16:35:10: WARNING: knot.mesh is an older format ([MeshSerializer_v1.40]); you should upgrade it as soon as possible using the OgreMeshUpgrade tool.
16:35:10: Can't assign material 2 - Default to SubEntity of knot because this Material does not exist. Have you forgotten to define it in a .material script?
16:35:10: Texture: Water02.jpg: Loading 1 faces(PF_R8G8B8,512x512x1) with 5 hardware generated mipmaps from Image. Internal format is PF_X8R8G8B8,512x512x1.
16:35:10: Texture: Water01.jpg: Loading 1 faces(PF_R8G8B8,512x512x1) with 5 hardware generated mipmaps from Image. Internal format is PF_X8R8G8B8,512x512x1.
16:35:10: Texture: clouds.jpg: Loading 1 faces(PF_R8G8B8,256x256x1) with 5 hardware generated mipmaps from Image. Internal format is PF_X8R8G8B8,256x256x1.
16:35:10: *** Initializing OIS ***
16:35:10: Font BlueHighwayusing texture size 512x512
16:35:10: Info: Freetype returned null for character 127 in font BlueHighway
16:35:10: Info: Freetype returned null for character 128 in font BlueHighway
16:35:10: Info: Freetype returned null for character 129 in font BlueHighway
16:35:10: Info: Freetype returned null for character 130 in font BlueHighway
16:35:10: Info: Freetype returned null for character 131 in font BlueHighway
16:35:10: Info: Freetype returned null for character 132 in font BlueHighway
16:35:10: Info: Freetype returned null for character 133 in font BlueHighway
16:35:10: Info: Freetype returned null for character 134 in font BlueHighway
16:35:10: Info: Freetype returned null for character 135 in font BlueHighway
16:35:10: Info: Freetype returned null for character 136 in font BlueHighway
16:35:10: Info: Freetype returned null for character 137 in font BlueHighway
16:35:10: Info: Freetype returned null for character 138 in font BlueHighway
16:35:10: Info: Freetype returned null for character 139 in font BlueHighway
16:35:10: Info: Freetype returned null for character 140 in font BlueHighway
16:35:10: Info: Freetype returned null for character 141 in font BlueHighway
16:35:10: Info: Freetype returned null for character 142 in font BlueHighway
16:35:10: Info: Freetype returned null for character 143 in font BlueHighway
16:35:10: Info: Freetype returned null for character 144 in font BlueHighway
16:35:10: Info: Freetype returned null for character 145 in font BlueHighway
16:35:10: Info: Freetype returned null for character 146 in font BlueHighway
16:35:10: Info: Freetype returned null for character 147 in font BlueHighway
16:35:10: Info: Freetype returned null for character 148 in font BlueHighway
16:35:10: Info: Freetype returned null for character 149 in font BlueHighway
16:35:10: Info: Freetype returned null for character 150 in font BlueHighway
16:35:10: Info: Freetype returned null for character 151 in font BlueHighway
16:35:10: Info: Freetype returned null for character 152 in font BlueHighway
16:35:10: Info: Freetype returned null for character 153 in font BlueHighway
16:35:10: Info: Freetype returned null for character 154 in font BlueHighway
16:35:10: Info: Freetype returned null for character 155 in font BlueHighway
16:35:10: Info: Freetype returned null for character 156 in font BlueHighway
16:35:10: Info: Freetype returned null for character 157 in font BlueHighway
16:35:10: Info: Freetype returned null for character 158 in font BlueHighway
16:35:10: Info: Freetype returned null for character 159 in font BlueHighway
16:35:10: Info: Freetype returned null for character 160 in font BlueHighway
16:35:10: Texture: BlueHighwayTexture: Loading 1 faces(PF_BYTE_LA,512x512x1) with  hardware generated mipmaps from Image. Internal format is PF_BYTE_LA,512x512x1.
16:35:24: DefaultWorkQueue('Root') shutting down on thread main.
16:35:24: Unregistering ResourceManager for type BspLevel
16:35:24: *-*-* OGRE Shutdown
16:35:24: Unregistering ResourceManager for type Compositor
16:35:24: Unregistering ResourceManager for type Font
16:35:24: Unregistering ResourceManager for type Skeleton
16:35:24: Unregistering ResourceManager for type Mesh
16:35:24: Unregistering ResourceManager for type HighLevelGpuProgram
16:35:24: Uninstalling plugin: Cg Program Manager
16:35:24: Plugin successfully uninstalled
16:35:24: Unloading library .\Plugin_CgProgramManager
16:35:24: Uninstalling plugin: Octree & Terrain Scene Manager
16:35:24: Plugin successfully uninstalled
16:35:24: Unloading library .\Plugin_OctreeSceneManager
16:35:24: Uninstalling plugin: BSP Scene Manager
16:35:24: Plugin successfully uninstalled
16:35:24: Unloading library .\Plugin_BSPSceneManager
16:35:24: Uninstalling plugin: ParticleFX
16:35:24: Plugin successfully uninstalled
16:35:24: Unloading library .\Plugin_ParticleFX
16:35:24: Uninstalling plugin: GL RenderSystem
16:35:26: Unregistering ResourceManager for type GpuProgram
16:35:26: *** Stopping Win32GL Subsystem ***
16:35:26: Unregistering ResourceManager for type Texture
16:35:26: Plugin successfully uninstalled
16:35:26: Unloading library .\RenderSystem_GL
16:35:26: Uninstalling plugin: D3D9 RenderSystem
16:35:26: D3D9 : Shutting down cleanly.
16:35:26: D3D9 : Direct3D9 Rendering Subsystem destroyed.
16:35:26: Plugin successfully uninstalled
16:35:26: Unloading library .\RenderSystem_Direct3D9
16:35:26: Unregistering ResourceManager for type Material
