15:21:55: Creating resource group General
15:21:55: Creating resource group Internal
15:21:55: Creating resource group Autodetect
15:21:55: SceneManagerFactory for type 'DefaultSceneManager' registered.
15:21:55: Registering ResourceManager for type Material
15:21:55: Registering ResourceManager for type Mesh
15:21:55: Registering ResourceManager for type Skeleton
15:21:55: MovableObjectFactory for type 'ParticleSystem' registered.
15:21:55: OverlayElementFactory for type Panel registered.
15:21:55: OverlayElementFactory for type BorderPanel registered.
15:21:55: OverlayElementFactory for type TextArea registered.
15:21:55: Registering ResourceManager for type Font
15:21:55: ArchiveFactory for archive type FileSystem registered.
15:21:55: ArchiveFactory for archive type Zip registered.
15:21:55: DDS codec registering
15:21:55: FreeImage version: 3.13.1
15:21:55: This program uses FreeImage, a free, open source image library supporting all common bitmap formats. See http://freeimage.sourceforge.net for details
15:21:55: Supported formats: bmp,ico,jpg,jif,jpeg,jpe,jng,koa,iff,lbm,mng,pbm,pbm,pcd,pcx,pgm,pgm,png,ppm,ppm,ras,tga,targa,tif,tiff,wap,wbmp,wbm,psd,cut,xbm,xpm,gif,hdr,g3,sgi,exr,j2k,j2c,jp2,pfm,pct,pict,pic,bay,bmq,cr2,crw,cs1,dc2,dcr,dng,erf,fff,hdr,k25,kdc,mdc,mos,mrw,nef,orf,pef,pxn,raf,raw,rdc,sr2,srf,arw,3fr,cine,ia,kc2,mef,nrw,qtk,rw2,sti,drf,dsc,ptx,cap,iiq,rwz
15:21:55: PVRTC codec registering
15:21:55: Registering ResourceManager for type HighLevelGpuProgram
15:21:55: Registering ResourceManager for type Compositor
15:21:55: MovableObjectFactory for type 'Entity' registered.
15:21:55: MovableObjectFactory for type 'Light' registered.
15:21:55: MovableObjectFactory for type 'BillboardSet' registered.
15:21:55: MovableObjectFactory for type 'ManualObject' registered.
15:21:55: MovableObjectFactory for type 'BillboardChain' registered.
15:21:55: MovableObjectFactory for type 'RibbonTrail' registered.
15:21:55: Loading library .\RenderSystem_Direct3D9
15:21:55: Installing plugin: D3D9 RenderSystem
15:21:55: D3D9 : Direct3D9 Rendering Subsystem created.
15:21:55: D3D9: Driver Detection Starts
15:21:55: D3D9: Driver Detection Ends
15:21:55: Plugin successfully installed
15:21:55: Loading library .\Plugin_ParticleFX
15:21:55: Installing plugin: ParticleFX
15:21:55: Particle Emitter Type 'Point' registered
15:21:55: Particle Emitter Type 'Box' registered
15:21:55: Particle Emitter Type 'Ellipsoid' registered
15:21:55: Particle Emitter Type 'Cylinder' registered
15:21:55: Particle Emitter Type 'Ring' registered
15:21:55: Particle Emitter Type 'HollowEllipsoid' registered
15:21:55: Particle Affector Type 'LinearForce' registered
15:21:55: Particle Affector Type 'ColourFader' registered
15:21:55: Particle Affector Type 'ColourFader2' registered
15:21:55: Particle Affector Type 'ColourImage' registered
15:21:55: Particle Affector Type 'ColourInterpolator' registered
15:21:55: Particle Affector Type 'Scaler' registered
15:21:55: Particle Affector Type 'Rotator' registered
15:21:55: Particle Affector Type 'DirectionRandomiser' registered
15:21:55: Particle Affector Type 'DeflectorPlane' registered
15:21:55: Plugin successfully installed
15:21:55: Loading library .\Plugin_CgProgramManager
15:21:55: Installing plugin: Cg Program Manager
15:21:55: Plugin successfully installed
15:21:55: *-*-* OGRE Initialising
15:21:55: *-*-* Version 1.7.1 (Cthugha)
15:21:55: Creating resource group Bootstrap
15:21:55: Added resource location 'Media/packs/OgreCore.zip' of type 'Zip' to resource group 'Bootstrap'
15:21:55: Added resource location 'Media' of type 'FileSystem' to resource group 'General'
15:21:55: Added resource location 'Media/particle' of type 'FileSystem' to resource group 'General'
15:21:55: Added resource location 'Media/fonts' of type 'FileSystem' to resource group 'General'
15:21:55: Added resource location 'Media/models' of type 'FileSystem' to resource group 'General'
15:21:55: Added resource location 'Media/materials' of type 'FileSystem' to resource group 'General'
15:21:55: Added resource location 'Media/materials/programs' of type 'FileSystem' to resource group 'General'
15:21:55: Added resource location 'Media/materials/scripts' of type 'FileSystem' to resource group 'General'
15:21:55: Added resource location 'Media/materials/textures' of type 'FileSystem' to resource group 'General'
15:21:55: Added resource location 'Media/overlays' of type 'FileSystem' to resource group 'General'
15:21:55: Added resource location 'Media/scenes/Default/material' of type 'FileSystem' to resource group 'General'
15:21:56: Added resource location 'Media/scenes/Default/materials' of type 'FileSystem' to resource group 'General'
15:21:56: Added resource location 'Media/scenes/Default/Models' of type 'FileSystem' to resource group 'General'
15:21:56: Added resource location 'Media/scenes/Default/mesh' of type 'FileSystem' to resource group 'General'
15:21:56: Added resource location 'Media/scenes/Default/program' of type 'FileSystem' to resource group 'General'
15:21:56: Added resource location 'Media/scenes/Default/bitmap' of type 'FileSystem' to resource group 'General'
15:21:56: Creating resource group Hydrax
15:21:56: Added resource location 'Media/Hydrax' of type 'FileSystem' to resource group 'Hydrax'
15:21:56: Creating resource group Scenes
15:21:56: Added resource location 'Media/scenes' of type 'FileSystem' to resource group 'Scenes'
15:21:56: Added resource location 'Media/scenes/Default' of type 'FileSystem' to resource group 'Scenes'
15:21:56: Creating resource group SkyX
15:21:56: Added resource location 'Media/SkyX' of type 'FileSystem' to resource group 'SkyX'
15:21:56: D3D9 : RenderSystem Option: Allow NVPerfHUD = No
15:21:56: D3D9 : RenderSystem Option: FSAA = 0
15:21:56: D3D9 : RenderSystem Option: Floating-point mode = Fastest
15:21:56: D3D9 : RenderSystem Option: Full Screen = No
15:21:56: D3D9 : RenderSystem Option: Rendering Device = Monitor-1-NVIDIA GeForce 9600M GT
15:21:56: D3D9 : RenderSystem Option: Resource Creation Policy = Create on all devices
15:21:56: D3D9 : RenderSystem Option: VSync = No
15:21:56: D3D9 : RenderSystem Option: VSync Interval = 1
15:21:56: D3D9 : RenderSystem Option: Video Mode = 1024 x 768 @ 32-bit colour
15:21:56: D3D9 : RenderSystem Option: sRGB Gamma Conversion = No
15:21:56: CPU Identifier & Features
15:21:56: -------------------------
15:21:56:  *   CPU ID: GenuineIntel: Intel(R) Core(TM)2 Duo CPU     P7350  @ 2.00GHz
15:21:56:  *      SSE: yes
15:21:56:  *     SSE2: yes
15:21:56:  *     SSE3: yes
15:21:56:  *      MMX: yes
15:21:56:  *   MMXEXT: yes
15:21:56:  *    3DNOW: no
15:21:56:  * 3DNOWEXT: no
15:21:56:  *     CMOV: yes
15:21:56:  *      TSC: yes
15:21:56:  *      FPU: yes
15:21:56:  *      PRO: yes
15:21:56:  *       HT: no
15:21:56: -------------------------
15:21:56: D3D9 : Subsystem Initialising
15:21:56: Registering ResourceManager for type Texture
15:21:56: Registering ResourceManager for type GpuProgram
15:21:56: D3D9RenderSystem::_createRenderWindow "OGRE Render Window", 1024x768 windowed  miscParams: FSAA=0 FSAAHint= colourDepth=32 gamma=false monitorIndex=0 useNVPerfHUD=false vsync=false vsyncInterval=1 
15:21:56: D3D9 : Created D3D9 Rendering Window 'OGRE Render Window' : 1024x762, 32bpp
15:21:56: D3D9 : WARNING - disabling VSync in windowed mode can cause timing issues at lower frame rates, turn VSync on if you observe this problem.
15:21:56: D3D9: Vertex texture format supported - PF_FLOAT16_RGB
15:21:56: D3D9: Vertex texture format supported - PF_FLOAT16_RGBA
15:21:56: D3D9: Vertex texture format supported - PF_FLOAT32_RGB
15:21:56: D3D9: Vertex texture format supported - PF_FLOAT32_RGBA
15:21:56: D3D9: Vertex texture format supported - PF_FLOAT16_R
15:21:56: D3D9: Vertex texture format supported - PF_FLOAT32_R
15:21:56: D3D9: Vertex texture format supported - PF_FLOAT16_GR
15:21:56: D3D9: Vertex texture format supported - PF_FLOAT32_GR
15:21:56: RenderSystem capabilities
15:21:56: -------------------------
15:21:56: RenderSystem Name: Direct3D9 Rendering Subsystem
15:21:56: GPU Vendor: nvidia
15:21:56: Device Name: Monitor-1-NVIDIA GeForce 9600M GT
15:21:56: Driver Version: 8.17.12.9573
15:21:56:  * Fixed function pipeline: yes
15:21:56:  * Hardware generation of mipmaps: yes
15:21:56:  * Texture blending: yes
15:21:56:  * Anisotropic texture filtering: yes
15:21:56:  * Dot product texture operation: yes
15:21:56:  * Cube mapping: yes
15:21:56:  * Hardware stencil buffer: yes
15:21:56:    - Stencil depth: 8
15:21:56:    - Two sided stencil support: yes
15:21:56:    - Wrap stencil values: yes
15:21:56:  * Hardware vertex / index buffers: yes
15:21:56:  * Vertex programs: yes
15:21:56:  * Number of floating-point constants for vertex programs: 256
15:21:56:  * Number of integer constants for vertex programs: 16
15:21:56:  * Number of boolean constants for vertex programs: 16
15:21:56:  * Fragment programs: yes
15:21:56:  * Number of floating-point constants for fragment programs: 224
15:21:56:  * Number of integer constants for fragment programs: 16
15:21:56:  * Number of boolean constants for fragment programs: 16
15:21:56:  * Geometry programs: no
15:21:56:  * Number of floating-point constants for geometry programs: 0
15:21:56:  * Number of integer constants for geometry programs: 0
15:21:56:  * Number of boolean constants for geometry programs: 0
15:21:56:  * Supported Shader Profiles: hlsl ps_1_1 ps_1_2 ps_1_3 ps_1_4 ps_2_0 ps_2_a ps_2_b ps_2_x ps_3_0 vs_1_1 vs_2_0 vs_2_a vs_2_x vs_3_0
15:21:56:  * Texture Compression: yes
15:21:56:    - DXT: yes
15:21:56:    - VTC: no
15:21:56:    - PVRTC: no
15:21:56:  * Scissor Rectangle: yes
15:21:56:  * Hardware Occlusion Query: yes
15:21:56:  * User clip planes: yes
15:21:56:  * VET_UBYTE4 vertex element type: yes
15:21:56:  * Infinite far plane projection: yes
15:21:56:  * Hardware render-to-texture: yes
15:21:56:  * Floating point textures: yes
15:21:56:  * Non-power-of-two textures: yes
15:21:56:  * Volume textures: yes
15:21:56:  * Multiple Render Targets: 4
15:21:56:    - With different bit depths: yes
15:21:56:  * Point Sprites: yes
15:21:56:  * Extended point parameters: yes
15:21:56:  * Max Point Size: 10
15:21:56:  * Vertex texture fetch: yes
15:21:56:  * Number of world matrices: 0
15:21:56:  * Number of texture units: 8
15:21:56:  * Stencil buffer depth: 8
15:21:56:  * Number of vertex blend matrices: 0
15:21:56:    - Max vertex textures: 4
15:21:56:    - Vertex textures shared: no
15:21:56:  * Render to Vertex Buffer : no
15:21:56:  * DirectX per stage constants: yes
15:21:56: ***************************************
15:21:56: *** D3D9 : Subsystem Initialised OK ***
15:21:56: ***************************************
15:21:56: DefaultWorkQueue('Root') initialising on thread main.
15:21:56: Particle Renderer Type 'billboard' registered
15:21:56: Parsing scripts for resource group Autodetect
15:21:56: Finished parsing scripts for resource group Autodetect
15:21:56: Parsing scripts for resource group Bootstrap
15:21:56: Parsing script OgreCore.material
15:21:56: Parsing script OgreProfiler.material
15:21:56: Parsing script Ogre.fontdef
15:21:56: Parsing script OgreDebugPanel.overlay
15:21:56: Texture: New_Ogre_Border_Center.png: Loading 1 faces(PF_A8R8G8B8,256x128x1) with  hardware generated mipmaps from Image. Internal format is PF_A8R8G8B8,256x128x1.
15:21:56: Texture: New_Ogre_Border.png: Loading 1 faces(PF_A8R8G8B8,256x256x1) with  hardware generated mipmaps from Image. Internal format is PF_A8R8G8B8,256x256x1.
15:21:57: Texture: New_Ogre_Border_Break.png: Loading 1 faces(PF_A8R8G8B8,32x32x1) with  hardware generated mipmaps from Image. Internal format is PF_A8R8G8B8,32x32x1.
15:21:57: Texture: ogretext.png: Loading 1 faces(PF_A8R8G8B8,256x128x1) with  hardware generated mipmaps from Image. Internal format is PF_A8R8G8B8,256x128x1.
15:21:57: Parsing script OgreLoadingPanel.overlay
15:21:57: Finished parsing scripts for resource group Bootstrap
15:21:57: Parsing scripts for resource group General
15:21:57: Parsing script Examples.program
15:21:57: Parsing script StdQuad_vp.program
15:21:57: Parsing script mapa.program
15:21:57: Parsing script decha2.material
15:21:57: Parsing script winda2.material
15:21:57: Parsing script mapa.material
15:21:57: Parsing script BlackAndWhite.material
15:21:57: Parsing script Bloom.material
15:21:57: Parsing script DepthShadowmap.material
15:21:57: Parsing script DOF.material
15:21:57: Compiler error: object name expected in DOF.material(55)
15:21:57: Parsing script Embossed.material
15:21:57: Parsing script Example-DynTex.material
15:21:57: Parsing script Example-Water.material
15:21:57: Parsing script Example.material
15:21:57: Parsing script Examples-Advanced.material
15:21:57: Compiler error: number expected in Examples-Advanced.material(679): incorrect float constant declaration
15:21:57: Parsing script facial.material
15:21:57: Parsing script Glass.material
15:21:57: Parsing script hdr.material
15:21:58: Parsing script HeatVision.material
15:21:58: Parsing script Hurt.material
15:21:58: Parsing script instancing.material
15:21:58: Parsing script Invert.material
15:21:58: Parsing script Laplace.material
15:21:58: Parsing script Level.material
15:21:58: Parsing script Man.material
15:21:58: Parsing script MotionBlur.material
15:21:58: Parsing script Ocean.material
15:21:58: Parsing script OffsetMapping.material
15:21:58: Parsing script Ogre.material
15:21:58: Parsing script OgreNewt_Example.material
15:21:58: Parsing script OldMovie.material
15:21:58: Parsing script OldTV.material
15:21:58: Parsing script Posterize.material
15:21:58: Parsing script RZR-002.material
15:21:58: Parsing script SharpenEdges.material
15:21:58: Parsing script smoke.material
15:21:58: Parsing script Tiling.material
15:21:58: Parsing script VarianceShadowmap.material
15:21:58: Parsing script mapa.material
15:21:58: Parsing script BrokenScreen.material
15:21:58: Parsing script red.material
15:21:58: Parsing script mapa.material
15:21:58: Parsing script emitted_emitter.particle
15:21:58: Parsing script Example-Water.particle
15:21:58: Parsing script Example.particle
15:21:58: Parsing script smoke.particle
15:21:58: Parsing script Examples.compositor
15:21:58: Parsing script sample.fontdef
15:21:58: Parsing script BrokenScreen.overlay
15:21:59: Texture: blood7.png: Loading 1 faces(PF_A8R8G8B8,1680x1050x1) with 10 generated mipmaps from Image. Internal format is PF_A8R8G8B8,1680x1050x1.
15:21:59: Parsing script Compositor.overlay
15:21:59: Parsing script DP3.overlay
15:21:59: Parsing script Example-CubeMapping.overlay
15:21:59: Parsing script Example-DynTex.overlay
15:21:59: Parsing script Example-Water.overlay
15:21:59: Parsing script hello.overlay
15:21:59: Parsing script red.overlay
15:21:59: Texture: red2.png: Loading 1 faces(PF_A8R8G8B8,1680x1050x1) with 10 generated mipmaps from Image. Internal format is PF_A8R8G8B8,1680x1050x1.
15:22:00: Parsing script Shadows.overlay
15:22:00: Parsing script test.overlay
15:22:00: Finished parsing scripts for resource group General
15:22:00: Parsing scripts for resource group Hydrax
15:22:00: Finished parsing scripts for resource group Hydrax
15:22:00: Parsing scripts for resource group Internal
15:22:00: Finished parsing scripts for resource group Internal
15:22:00: Parsing scripts for resource group Scenes
15:22:00: Finished parsing scripts for resource group Scenes
15:22:00: Parsing scripts for resource group SkyX
15:22:00: Parsing script SkyX.material
15:22:03: Finished parsing scripts for resource group SkyX
15:22:04: Creating Default scene...
15:22:04: Loading scene data...
15:22:04: [DotSceneLoader] Parsing dotScene file with version 1.0.0
15:22:04: Mesh: Loading mapaGroup_062.mesh.
15:22:04: Texture: mapamod_light1a.bmp: Loading 1 faces(PF_R8G8B8,32x128x1) with  hardware generated mipmaps from Image. Internal format is PF_X8R8G8B8,32x128x1.
15:22:04: Mesh: Loading mapaGroup_052.mesh.
15:22:04: Texture: mapapk01_gra_floor02_d.jpg: Loading 1 faces(PF_R8G8B8,256x256x1) with  hardware generated mipmaps from Image. Internal format is PF_X8R8G8B8,256x256x1.
15:22:04: Mesh: Loading mapaGroup_092.mesh.
15:22:04: Mesh: Loading mapaGroup_082.mesh.
15:22:04: Mesh: Loading mapaGroup_072.mesh.
15:22:04: Texture: mapapk01_thin_wall01b_d.jpg: Loading 1 faces(PF_R8G8B8,128x512x1) with  hardware generated mipmaps from Image. Internal format is PF_X8R8G8B8,128x512x1.
15:22:04: Mesh: Loading mapaGroup_002.mesh.
15:22:04: Mesh: Loading mapaGroup_012.mesh.
15:22:04: Texture: maparock1_d.jpg: Loading 1 faces(PF_R8G8B8,1024x512x1) with  hardware generated mipmaps from Image. Internal format is PF_X8R8G8B8,1024x512x1.
15:22:04: Mesh: Loading mapaGroup_022.mesh.
15:22:04: Mesh: Loading mapaGroup_032.mesh.
15:22:04: Mesh: Loading mapaGroup_042.mesh.
15:22:04: Texture: mapacretewall03.jpg: Loading 1 faces(PF_R8G8B8,256x256x1) with  hardware generated mipmaps from Image. Internal format is PF_X8R8G8B8,256x256x1.
15:22:04: Mesh: Loading mapaLayer0_001.mesh.
15:22:04: Texture: mapaRooftilesMetal0003_2_S.jpg: Loading 1 faces(PF_R8G8B8,640x640x1) with 9 generated mipmaps from Image. Internal format is PF_X8R8G8B8,640x640x1.
15:22:04: Texture: mapadach_01.jpg: Loading 1 faces(PF_R8G8B8,512x512x1) with  hardware generated mipmaps from Image. Internal format is PF_X8R8G8B8,512x512x1.
15:22:04: Texture: mapaBrick_07.jpg: Loading 1 faces(PF_R8G8B8,1024x512x1) with  hardware generated mipmaps from Image. Internal format is PF_X8R8G8B8,1024x512x1.
15:22:04: Texture: mapacy_01.jpg: Loading 1 faces(PF_R8G8B8,512x1024x1) with  hardware generated mipmaps from Image. Internal format is PF_X8R8G8B8,512x1024x1.
15:22:04: Texture: mapadach_02.jpg: Loading 1 faces(PF_R8G8B8,512x512x1) with  hardware generated mipmaps from Image. Internal format is PF_X8R8G8B8,512x512x1.
15:22:04: Texture: mapadach_05.jpg: Loading 1 faces(PF_R8G8B8,512x512x1) with  hardware generated mipmaps from Image. Internal format is PF_X8R8G8B8,512x512x1.
15:22:04: Texture: mapadach_04.jpg: Loading 1 faces(PF_R8G8B8,512x512x1) with  hardware generated mipmaps from Image. Internal format is PF_X8R8G8B8,512x512x1.
15:22:04: Texture: mapadach_03.jpg: Loading 1 faces(PF_R8G8B8,512x512x1) with  hardware generated mipmaps from Image. Internal format is PF_X8R8G8B8,512x512x1.
15:22:05: Texture: mapadirt01.jpg: Loading 1 faces(PF_R8G8B8,512x512x1) with  hardware generated mipmaps from Image. Internal format is PF_X8R8G8B8,512x512x1.
15:22:05: Texture: mapaBrick_04.jpg: Loading 1 faces(PF_R8G8B8,1024x512x1) with  hardware generated mipmaps from Image. Internal format is PF_X8R8G8B8,1024x512x1.
15:22:05: Texture: mapafavela_01.jpg: Loading 1 faces(PF_R8G8B8,512x512x1) with  hardware generated mipmaps from Image. Internal format is PF_X8R8G8B8,512x512x1.
15:22:05: Texture: mapaBrick_11.jpg: Loading 1 faces(PF_R8G8B8,1024x512x1) with  hardware generated mipmaps from Image. Internal format is PF_X8R8G8B8,1024x512x1.
15:22:05: Texture: mapafavela_06.jpg: Loading 1 faces(PF_R8G8B8,1024x512x1) with  hardware generated mipmaps from Image. Internal format is PF_X8R8G8B8,1024x512x1.
15:22:05: Texture: mapaBrick_20.jpg: Loading 1 faces(PF_R8G8B8,512x512x1) with  hardware generated mipmaps from Image. Internal format is PF_X8R8G8B8,512x512x1.
15:22:05: Texture: mapaBrick_08.jpg: Loading 1 faces(PF_R8G8B8,512x512x1) with  hardware generated mipmaps from Image. Internal format is PF_X8R8G8B8,512x512x1.
15:22:05: Texture: mapaBrick_13.jpg: Loading 1 faces(PF_R8G8B8,512x512x1) with  hardware generated mipmaps from Image. Internal format is PF_X8R8G8B8,512x512x1.
15:22:05: Texture: mapafavela_04.jpg: Loading 1 faces(PF_R8G8B8,1024x512x1) with  hardware generated mipmaps from Image. Internal format is PF_X8R8G8B8,1024x512x1.
15:22:05: Texture: mapafavela_02.jpg: Loading 1 faces(PF_R8G8B8,1024x512x1) with  hardware generated mipmaps from Image. Internal format is PF_X8R8G8B8,1024x512x1.
15:22:05: Texture: mapafavela_03.jpg: Loading 1 faces(PF_R8G8B8,1024x512x1) with  hardware generated mipmaps from Image. Internal format is PF_X8R8G8B8,1024x512x1.
15:22:05: Texture: mapabrick_09.jpg: Loading 1 faces(PF_R8G8B8,512x1024x1) with  hardware generated mipmaps from Image. Internal format is PF_X8R8G8B8,512x1024x1.
15:22:05: Texture: mapaBrick_05.jpg: Loading 1 faces(PF_R8G8B8,512x512x1) with  hardware generated mipmaps from Image. Internal format is PF_X8R8G8B8,512x512x1.
15:22:05: Texture: mapaBrick_01.jpg: Loading 1 faces(PF_R8G8B8,1024x512x1) with  hardware generated mipmaps from Image. Internal format is PF_X8R8G8B8,1024x512x1.
15:22:05: Texture: mapafavela_07.jpg: Loading 1 faces(PF_R8G8B8,1024x512x1) with  hardware generated mipmaps from Image. Internal format is PF_X8R8G8B8,1024x512x1.
15:22:05: Texture: mapaBrick_03.jpg: Loading 1 faces(PF_R8G8B8,1024x512x1) with  hardware generated mipmaps from Image. Internal format is PF_X8R8G8B8,1024x512x1.
15:22:05: Texture: mapafavela_15.jpg: Loading 1 faces(PF_R8G8B8,1024x512x1) with  hardware generated mipmaps from Image. Internal format is PF_X8R8G8B8,1024x512x1.
15:22:06: Texture: mapafavela_14.jpg: Loading 1 faces(PF_R8G8B8,1024x512x1) with  hardware generated mipmaps from Image. Internal format is PF_X8R8G8B8,1024x512x1.
15:22:06: Texture: mapaBrick_18.jpg: Loading 1 faces(PF_R8G8B8,512x512x1) with  hardware generated mipmaps from Image. Internal format is PF_X8R8G8B8,512x512x1.
15:22:06: Texture: mapafavela_09.jpg: Loading 1 faces(PF_R8G8B8,1024x512x1) with  hardware generated mipmaps from Image. Internal format is PF_X8R8G8B8,1024x512x1.
15:22:06: Texture: mapaBrick_12.jpg: Loading 1 faces(PF_R8G8B8,1024x512x1) with  hardware generated mipmaps from Image. Internal format is PF_X8R8G8B8,1024x512x1.
15:22:06: Texture: mapafavela_12.jpg: Loading 1 faces(PF_R8G8B8,512x512x1) with  hardware generated mipmaps from Image. Internal format is PF_X8R8G8B8,512x512x1.
15:22:06: Texture: mapabrick_02.jpg: Loading 1 faces(PF_R8G8B8,512x1024x1) with  hardware generated mipmaps from Image. Internal format is PF_X8R8G8B8,512x1024x1.
15:22:06: Texture: mapafavela_08.jpg: Loading 1 faces(PF_R8G8B8,1024x512x1) with  hardware generated mipmaps from Image. Internal format is PF_X8R8G8B8,1024x512x1.
15:22:06: Texture: mapafavela_11.jpg: Loading 1 faces(PF_R8G8B8,1024x512x1) with  hardware generated mipmaps from Image. Internal format is PF_X8R8G8B8,1024x512x1.
15:22:06: Texture: mapaBrick_06.jpg: Loading 1 faces(PF_R8G8B8,512x512x1) with  hardware generated mipmaps from Image. Internal format is PF_X8R8G8B8,512x512x1.
15:22:06: Texture: mapaBrick_23.jpg: Loading 1 faces(PF_R8G8B8,512x512x1) with  hardware generated mipmaps from Image. Internal format is PF_X8R8G8B8,512x512x1.
15:22:06: Texture: mapaBrick_24.jpg: Loading 1 faces(PF_R8G8B8,512x512x1) with  hardware generated mipmaps from Image. Internal format is PF_X8R8G8B8,512x512x1.
15:22:06: Texture: mapabrick_22.jpg: Loading 1 faces(PF_R8G8B8,512x512x1) with  hardware generated mipmaps from Image. Internal format is PF_X8R8G8B8,512x512x1.
15:22:06: Texture: mapabrick_10.jpg: Loading 1 faces(PF_R8G8B8,512x1024x1) with  hardware generated mipmaps from Image. Internal format is PF_X8R8G8B8,512x1024x1.
15:22:06: Texture: mapaBrick_17.jpg: Loading 1 faces(PF_R8G8B8,1024x512x1) with  hardware generated mipmaps from Image. Internal format is PF_X8R8G8B8,1024x512x1.
15:22:06: Texture: mapaBrick_16.jpg: Loading 1 faces(PF_R8G8B8,1024x512x1) with  hardware generated mipmaps from Image. Internal format is PF_X8R8G8B8,1024x512x1.
15:22:06: Texture: mapabrick_21.jpg: Loading 1 faces(PF_R8G8B8,512x1024x1) with  hardware generated mipmaps from Image. Internal format is PF_X8R8G8B8,512x1024x1.
15:22:06: Texture: mapaBrick_19.jpg: Loading 1 faces(PF_R8G8B8,512x512x1) with  hardware generated mipmaps from Image. Internal format is PF_X8R8G8B8,512x512x1.
15:22:07: Texture: mapaBrick_15.jpg: Loading 1 faces(PF_R8G8B8,1024x512x1) with  hardware generated mipmaps from Image. Internal format is PF_X8R8G8B8,1024x512x1.
15:22:07: Mesh: Loading mapaGroup_061.mesh.
15:22:07: Mesh: Loading mapaGroup_051.mesh.
15:22:07: Mesh: Loading mapaGroup_041.mesh.
15:22:07: Texture: maparock01.jpg: Loading 1 faces(PF_R8G8B8,1024x1024x1) with  hardware generated mipmaps from Image. Internal format is PF_X8R8G8B8,1024x1024x1.
15:22:07: Mesh: Loading mapaGroup_031.mesh.
15:22:07: Mesh: Loading mapaGroup_021.mesh.
15:22:07: Mesh: Loading mapaGroup_001.mesh.
15:22:07: Mesh: Loading mapaGroup_071.mesh.
15:22:07: Texture: mapapk01_pan_wall02a1_d.jpg: Loading 1 faces(PF_R8G8B8,256x512x1) with  hardware generated mipmaps from Image. Internal format is PF_X8R8G8B8,256x512x1.
15:22:07: Texture: mapapk01_thin_wall02b_d.jpg: Loading 1 faces(PF_R8G8B8,128x512x1) with  hardware generated mipmaps from Image. Internal format is PF_X8R8G8B8,128x512x1.
15:22:07: Mesh: Loading mapaGroup_081.mesh.
15:22:07: Texture: mapaik_gtrimv_lit3b.jpg: Loading 1 faces(PF_R8G8B8,64x256x1) with  hardware generated mipmaps from Image. Internal format is PF_X8R8G8B8,64x256x1.
15:22:07: Mesh: Loading mapaGroup_091.mesh.
15:22:07: Mesh: Loading mapaGroup_063.mesh.
15:22:07: Mesh: Loading mapaGroup_053.mesh.
15:22:07: Mesh: Loading mapaGroup_033.mesh.
15:22:07: Mesh: Loading mapaGroup_023.mesh.
15:22:07: Mesh: Loading mapaGroup_013.mesh.
15:22:07: Mesh: Loading mapaGroup_003.mesh.
15:22:07: Mesh: Loading mapaGroup_073.mesh.
15:22:07: Mesh: Loading mapaGroup_083.mesh.
15:22:07: Mesh: Loading mapaGroup_093.mesh.
15:22:07: Mesh: Loading razor.mesh.
15:22:07: WARNING: razor.mesh is an older format ([MeshSerializer_v1.40]); you should upgrade it as soon as possible using the OgreMeshUpgrade tool.
15:22:07: Texture: texmap2.jpg: Loading 1 faces(PF_R8G8B8,512x512x1) with  hardware generated mipmaps from Image. Internal format is PF_X8R8G8B8,512x512x1.
15:22:07: Mesh: Loading mapaGroup_064.mesh.
15:22:07: Mesh: Loading mapaGroup_054.mesh.
15:22:07: Mesh: Loading mapaGroup_044.mesh.
15:22:07: Mesh: Loading mapaGroup_034.mesh.
15:22:07: Mesh: Loading mapaGroup_024.mesh.
15:22:07: Mesh: Loading mapaGroup_014.mesh.
15:22:07: Mesh: Loading mapaGroup_004.mesh.
15:22:07: Mesh: Loading mapaGroup_074.mesh.
15:22:07: Mesh: Loading mapaGroup_084.mesh.
15:22:07: Mesh: Loading mapaGroup_094.mesh.
15:22:07: Mesh: Loading mapaGroup_065.mesh.
15:22:07: Mesh: Loading mapaGroup_055.mesh.
15:22:07: Mesh: Loading mapaGroup_045.mesh.
15:22:07: Mesh: Loading mapaGroup_035.mesh.
15:22:07: Mesh: Loading mapaGroup_025.mesh.
15:22:07: Mesh: Loading mapaGroup_015.mesh.
15:22:08: Mesh: Loading mapaGroup_005.mesh.
15:22:08: Mesh: Loading mapaGroup_075.mesh.
15:22:08: Mesh: Loading mapaGroup_085.mesh.
15:22:08: Mesh: Loading mapaGroup_095.mesh.
15:22:08: Mesh: Loading mapaGroup_066.mesh.
15:22:08: Mesh: Loading mapaGroup_056.mesh.
15:22:08: Mesh: Loading mapaGroup_046.mesh.
15:22:08: Mesh: Loading mapaGroup_036.mesh.
15:22:08: Mesh: Loading mapaGroup_026.mesh.
15:22:08: Mesh: Loading mapaGroup_016.mesh.
15:22:08: Mesh: Loading mapaGroup_006.mesh.
15:22:08: Mesh: Loading mapaGroup_076.mesh.
15:22:08: Mesh: Loading mapaGroup_086.mesh.
15:22:08: Mesh: Loading mapaGroup_096.mesh.
15:22:08: Mesh: Loading mapaGroup_077.mesh.
15:22:08: Mesh: Loading mapaGroup_007.mesh.
15:22:08: Mesh: Loading mapaGroup_017.mesh.
15:22:08: Mesh: Loading mapaGroup_027.mesh.
15:22:08: Mesh: Loading mapaGroup_067.mesh.
15:22:08: Mesh: Loading mapaGroup_057.mesh.
15:22:08: Mesh: Loading mapaGroup_047.mesh.
15:22:08: Mesh: Loading mapaGroup_037.mesh.
15:22:08: Mesh: Loading mapaGroup_097.mesh.
15:22:08: Mesh: Loading mapaGroup_087.mesh.
15:22:08: Mesh: Loading cylinder.mesh.
15:22:08: WARNING: cylinder.mesh is an older format ([MeshSerializer_v1.30]); you should upgrade it as soon as possible using the OgreMeshUpgrade tool.
15:22:08: Mesh: Loading mapaGroup_098.mesh.
15:22:08: Mesh: Loading mapaGroup_088.mesh.
15:22:08: Mesh: Loading mapaGroup_078.mesh.
15:22:08: Mesh: Loading mapaGroup_068.mesh.
15:22:08: Mesh: Loading mapaGroup_008.mesh.
15:22:08: Mesh: Loading mapaGroup_018.mesh.
15:22:08: Mesh: Loading mapaGroup_028.mesh.
15:22:08: Mesh: Loading mapaGroup_038.mesh.
15:22:08: Mesh: Loading mapaGroup_048.mesh.
15:22:08: Mesh: Loading mapaGroup_058.mesh.
15:22:08: Mesh: Loading mapaGroup_099.mesh.
15:22:08: Mesh: Loading mapaGroup_089.mesh.
15:22:08: Mesh: Loading mapaGroup_079.mesh.
15:22:08: Mesh: Loading mapaGroup_069.mesh.
15:22:08: Mesh: Loading mapaGroup_009.mesh.
15:22:08: Mesh: Loading mapaGroup_019.mesh.
15:22:08: Mesh: Loading mapaGroup_029.mesh.
15:22:08: Mesh: Loading mapaGroup_039.mesh.
15:22:08: Mesh: Loading mapaGroup_049.mesh.
15:22:08: Texture: mapapk01_floor01a_d.jpg: Loading 1 faces(PF_R8G8B8,512x512x1) with  hardware generated mipmaps from Image. Internal format is PF_X8R8G8B8,512x512x1.
15:22:08: Texture: mapapk01_wall01_d.jpg: Loading 1 faces(PF_R8G8B8,128x256x1) with  hardware generated mipmaps from Image. Internal format is PF_X8R8G8B8,128x256x1.
15:22:08: Texture: mapapk01_tile_floor01b_d.jpg: Loading 1 faces(PF_R8G8B8,256x512x1) with  hardware generated mipmaps from Image. Internal format is PF_X8R8G8B8,256x512x1.
15:22:08: Texture: mapapk01_wall03b_d.jpg: Loading 1 faces(PF_R8G8B8,256x256x1) with  hardware generated mipmaps from Image. Internal format is PF_X8R8G8B8,256x256x1.
15:22:08: Texture: mapamech1_d.jpg: Loading 1 faces(PF_R8G8B8,256x256x1) with  hardware generated mipmaps from Image. Internal format is PF_X8R8G8B8,256x256x1.
15:22:08: Texture: mapapk01_wall03a_d.jpg: Loading 1 faces(PF_R8G8B8,512x512x1) with  hardware generated mipmaps from Image. Internal format is PF_X8R8G8B8,512x512x1.
15:22:08: Texture: mapapk01_pan_trim01_d.jpg: Loading 1 faces(PF_R8G8B8,64x256x1) with  hardware generated mipmaps from Image. Internal format is PF_X8R8G8B8,64x256x1.
15:22:08: Texture: mapapk01_panel01a_d.jpg: Loading 1 faces(PF_R8G8B8,256x512x1) with  hardware generated mipmaps from Image. Internal format is PF_X8R8G8B8,256x512x1.
15:22:08: Texture: mapafloor02.jpg: Loading 1 faces(PF_R8G8B8,128x128x1) with  hardware generated mipmaps from Image. Internal format is PF_X8R8G8B8,128x128x1.
15:22:08: Texture: mapapk01_pan_floor02a_d.jpg: Loading 1 faces(PF_R8G8B8,256x256x1) with  hardware generated mipmaps from Image. Internal format is PF_X8R8G8B8,256x256x1.
15:22:08: Texture: mapaWindowsBacklit0020_7_M.jpg: Loading 1 faces(PF_R8G8B8,541x1600x1) with 10 generated mipmaps from Image. Internal format is PF_X8R8G8B8,541x1600x1.
15:22:09: Texture: mapapk01_door01b_d.jpg: Loading 1 faces(PF_R8G8B8,256x512x1) with  hardware generated mipmaps from Image. Internal format is PF_X8R8G8B8,256x512x1.
15:22:09: Texture: mapapk01_panel_small01red_d.jpg: Loading 1 faces(PF_R8G8B8,256x256x1) with  hardware generated mipmaps from Image. Internal format is PF_X8R8G8B8,256x256x1.
15:22:09: Texture: mapajfgrid.jpg: Loading 1 faces(PF_R8G8B8,64x64x1) with  hardware generated mipmaps from Image. Internal format is PF_X8R8G8B8,64x64x1.
15:22:09: Texture: mapapk_trim3_da.jpg: Loading 1 faces(PF_R8G8B8,256x64x1) with  hardware generated mipmaps from Image. Internal format is PF_X8R8G8B8,256x64x1.
15:22:09: Texture: mapapk01_panel03b_d.jpg: Loading 1 faces(PF_R8G8B8,256x512x1) with  hardware generated mipmaps from Image. Internal format is PF_X8R8G8B8,256x512x1.
15:22:09: Texture: mapa11pipes_d.jpg: Loading 1 faces(PF_R8G8B8,128x128x1) with  hardware generated mipmaps from Image. Internal format is PF_X8R8G8B8,128x128x1.
15:22:09: Texture: mapawires1_d.jpg: Loading 1 faces(PF_R8G8B8,256x256x1) with  hardware generated mipmaps from Image. Internal format is PF_X8R8G8B8,256x256x1.
15:22:15: Mesh: Loading mapaGroup_059.mesh.
15:22:15: Mesh: Loading mapaGroup_090.mesh.
15:22:15: Mesh: Loading mapaGroup_080.mesh.
15:22:15: Mesh: Loading mapaGroup_070.mesh.
15:22:15: Mesh: Loading mapaGroup_010.mesh.
15:22:15: Mesh: Loading mapaGroup_020.mesh.
15:22:15: Mesh: Loading mapaGroup_030.mesh.
15:22:15: Mesh: Loading mapaGroup_040.mesh.
15:22:15: Mesh: Loading mapaGroup_060.mesh.
15:22:15: Mesh: Loading mapaGroup_150.mesh.
15:22:15: Mesh: Loading mapaGroup_140.mesh.
15:22:15: Mesh: Loading mapaGroup_130.mesh.
15:22:15: Mesh: Loading mapaGroup_120.mesh.
15:22:15: Mesh: Loading mapaGroup_110.mesh.
15:22:15: Mesh: Loading mapaGroup_100.mesh.
15:22:15: Mesh: Loading mapaGroup_151.mesh.
15:22:15: Mesh: Loading mapaGroup_141.mesh.
15:22:15: Mesh: Loading mapaGroup_131.mesh.
15:22:15: Mesh: Loading mapaGroup_121.mesh.
15:22:15: Mesh: Loading mapaGroup_111.mesh.
15:22:15: Mesh: Loading mapaGroup_101.mesh.
15:22:15: Mesh: Loading mapaGroup_152.mesh.
15:22:15: Mesh: Loading mapaGroup_142.mesh.
15:22:15: Mesh: Loading mapaGroup_132.mesh.
15:22:15: Mesh: Loading mapaGroup_122.mesh.
15:22:15: Mesh: Loading mapaGroup_112.mesh.
15:22:15: Mesh: Loading mapaGroup_102.mesh.
15:22:15: Mesh: Loading mapaGroup_153.mesh.
15:22:15: Mesh: Loading mapaGroup_143.mesh.
15:22:15: Mesh: Loading mapaGroup_133.mesh.
15:22:15: Mesh: Loading mapaGroup_123.mesh.
15:22:15: Mesh: Loading mapaGroup_113.mesh.
15:22:15: Mesh: Loading mapaGroup_103.mesh.
15:22:15: Mesh: Loading mapaGroup_154.mesh.
15:22:15: Mesh: Loading mapaGroup_144.mesh.
15:22:15: Mesh: Loading mapaGroup_134.mesh.
15:22:15: Mesh: Loading mapaGroup_124.mesh.
15:22:15: Mesh: Loading mapaGroup_114.mesh.
15:22:15: Mesh: Loading mapaGroup_104.mesh.
15:22:15: Mesh: Loading mapaGroup_155.mesh.
15:22:15: Mesh: Loading mapaGroup_145.mesh.
15:22:15: Mesh: Loading mapaGroup_135.mesh.
15:22:15: Mesh: Loading mapaGroup_125.mesh.
15:22:15: Mesh: Loading mapaGroup_115.mesh.
15:22:15: Mesh: Loading mapaGroup_105.mesh.
15:22:15: Mesh: Loading mapaGroup_156.mesh.
15:22:15: Mesh: Loading mapaGroup_146.mesh.
15:22:15: Mesh: Loading mapaGroup_136.mesh.
15:22:15: Mesh: Loading mapaGroup_126.mesh.
15:22:15: Mesh: Loading mapaGroup_116.mesh.
15:22:15: Mesh: Loading mapaGroup_106.mesh.
15:22:15: Mesh: Loading mapaGroup_157.mesh.
15:22:15: Mesh: Loading mapaGroup_147.mesh.
15:22:15: Mesh: Loading mapaGroup_137.mesh.
15:22:15: Mesh: Loading mapaGroup_127.mesh.
15:22:16: Mesh: Loading mapaGroup_117.mesh.
15:22:16: Mesh: Loading mapaGroup_107.mesh.
15:22:16: Mesh: Loading mapaGroup_158.mesh.
15:22:16: Mesh: Loading mapaGroup_148.mesh.
15:22:16: Mesh: Loading mapaGroup_138.mesh.
15:22:16: Mesh: Loading mapaGroup_128.mesh.
15:22:16: Mesh: Loading mapaGroup_118.mesh.
15:22:16: Mesh: Loading mapaGroup_108.mesh.
15:22:16: Mesh: Loading mapaGroup_149.mesh.
15:22:16: Mesh: Loading mapaGroup_139.mesh.
15:22:16: Mesh: Loading mapaGroup_129.mesh.
15:22:16: Mesh: Loading mapaGroup_119.mesh.
15:22:16: Mesh: Loading mapaGroup_109.mesh.
15:22:16: Mesh: Loading box.mesh.
15:22:16: WARNING: box.mesh is an older format ([MeshSerializer_v1.30]); you should upgrade it as soon as possible using the OgreMeshUpgrade tool.
15:22:16: Mesh: Loading robot.mesh.
15:22:16: Skeleton: Loading robot.skeleton
15:22:16: WARNING: robot.mesh is an older format ([MeshSerializer_v1.40]); you should upgrade it as soon as possible using the OgreMeshUpgrade tool.
15:22:16: Texture: r2skin.jpg: Loading 1 faces(PF_R8G8B8,512x512x1) with  hardware generated mipmaps from Image. Internal format is PF_X8R8G8B8,512x512x1.
15:22:16: [DotSceneLoader] Error loading an entity!Attempted to read or write protected memory. This is often an indication that other memory is corrupt.
15:22:16: [DotSceneLoader] Error loading an entity!Attempted to read or write protected memory. This is often an indication that other memory is corrupt.
15:22:16: Scene data loaded.
15:22:16: Can't assign material _NULL_ to SubEntity of SkyXMeshEnt because this Material does not exist. Have you forgotten to define it in a .material script?
15:22:16: Texture: SkyX_Starfield.png: Loading 1 faces(PF_A8R8G8B8,512x512x1) with  hardware generated mipmaps from Image. Internal format is PF_A8R8G8B8,512x512x1.
15:22:16: Texture: SkyX_Moon.png: Loading 1 faces(PF_A8R8G8B8,512x512x1) with  hardware generated mipmaps from Image. Internal format is PF_A8R8G8B8,512x512x1.
15:22:16: Texture: SkyX_MoonHalo.png: Loading 1 faces(PF_A8R8G8B8,512x256x1) with  hardware generated mipmaps from Image. Internal format is PF_A8R8G8B8,512x256x1.
15:22:16: Creating player...
15:22:16: Mesh: Loading Man.mesh.
15:22:16: Skeleton: Loading Man.skeleton
15:22:16: Player created.
15:22:16: Creating elevator...
15:22:16: Mesh: Loading Barrel.mesh.
15:22:16: WARNING: Barrel.mesh is an older format ([MeshSerializer_v1.40]); you should upgrade it as soon as possible using the OgreMeshUpgrade tool.
15:22:16: Texture: RustyBarrel.png: Loading 1 faces(PF_R8G8B8,256x256x1) with  hardware generated mipmaps from Image. Internal format is PF_X8R8G8B8,256x256x1.
15:22:16: Mesh: Loading winda2.mesh.
15:22:16: bridge created.
15:22:16: Adding light...
15:22:16: Light added.
15:22:16: Default scene created.
15:22:16: Core.Log: Entering to state `Intro`...
15:22:16: Core.Log: 

INTRO  INSTRUCTION:

SPACE  -  Enter Game State
ESCAPE  -  Exit Application


15:22:16: Texture: spot_shadow_fade.png: Loading 1 faces(PF_R8G8B8,128x128x1) with  hardware generated mipmaps from Image. Internal format is PF_X8R8G8B8,128x128x1.
15:22:16: Texture: basic_droplet.png: Loading 1 faces(PF_R8G8B8,64x64x1) with  hardware generated mipmaps from Image. Internal format is PF_X8R8G8B8,64x64x1.
15:22:16: Texture: flare.png: Loading 1 faces(PF_R8G8B8,256x256x1) with  hardware generated mipmaps from Image. Internal format is PF_X8R8G8B8,256x256x1.
